2020-06-26 12:41:13 [main] INFO  org.springframework.boot.StartupInfoLogger %PARSER_ERROR[x] -Starting FundooKeepApplication on DESKTOP-VJE8VFV with PID 1676 (F:\SpringToolSuitProjects\fundoo-application\fundoo-keep\target\classes started by root in F:\SpringToolSuitProjects\fundoo-application\fundoo-keep)
2020-06-26 12:41:13 [main] DEBUG org.springframework.boot.StartupInfoLogger %PARSER_ERROR[x] -Running with Spring Boot v2.2.5.RELEASE, Spring v5.2.4.RELEASE
2020-06-26 12:41:13 [main] INFO  org.springframework.boot.SpringApplication %PARSER_ERROR[x] -The following profiles are active: dev
2020-06-26 12:41:15 [main] INFO  org.springframework.data.repository.config.RepositoryConfigurationDelegate %PARSER_ERROR[x] -Multiple Spring Data modules found, entering strict repository configuration mode!
2020-06-26 12:41:15 [main] INFO  org.springframework.data.repository.config.RepositoryConfigurationDelegate %PARSER_ERROR[x] -Bootstrapping Spring Data JPA repositories in DEFAULT mode.
2020-06-26 12:41:15 [main] INFO  org.springframework.data.repository.config.RepositoryConfigurationDelegate %PARSER_ERROR[x] -Finished Spring Data repository scanning in 100ms. Found 4 JPA repository interfaces.
2020-06-26 12:41:15 [main] INFO  org.springframework.data.repository.config.RepositoryConfigurationDelegate %PARSER_ERROR[x] -Multiple Spring Data modules found, entering strict repository configuration mode!
2020-06-26 12:41:15 [main] INFO  org.springframework.data.repository.config.RepositoryConfigurationDelegate %PARSER_ERROR[x] -Bootstrapping Spring Data Redis repositories in DEFAULT mode.
2020-06-26 12:41:15 [main] INFO  org.springframework.data.repository.config.RepositoryConfigurationExtensionSupport %PARSER_ERROR[x] -Spring Data Redis - Could not safely identify store assignment for repository candidate interface com.bridgelabz.fundookeep.repository.CollaboratorRepository. If you want this repository to be a Redis repository, consider annotating your entities with one of these annotations: org.springframework.data.redis.core.RedisHash (preferred), or consider extending one of the following types with your repository: org.springframework.data.keyvalue.repository.KeyValueRepository.
2020-06-26 12:41:15 [main] INFO  org.springframework.data.repository.config.RepositoryConfigurationExtensionSupport %PARSER_ERROR[x] -Spring Data Redis - Could not safely identify store assignment for repository candidate interface com.bridgelabz.fundookeep.repository.LabelRepository. If you want this repository to be a Redis repository, consider annotating your entities with one of these annotations: org.springframework.data.redis.core.RedisHash (preferred), or consider extending one of the following types with your repository: org.springframework.data.keyvalue.repository.KeyValueRepository.
2020-06-26 12:41:15 [main] INFO  org.springframework.data.repository.config.RepositoryConfigurationExtensionSupport %PARSER_ERROR[x] -Spring Data Redis - Could not safely identify store assignment for repository candidate interface com.bridgelabz.fundookeep.repository.NoteRepository. If you want this repository to be a Redis repository, consider annotating your entities with one of these annotations: org.springframework.data.redis.core.RedisHash (preferred), or consider extending one of the following types with your repository: org.springframework.data.keyvalue.repository.KeyValueRepository.
2020-06-26 12:41:15 [main] INFO  org.springframework.data.repository.config.RepositoryConfigurationExtensionSupport %PARSER_ERROR[x] -Spring Data Redis - Could not safely identify store assignment for repository candidate interface com.bridgelabz.fundookeep.repository.UserRepository. If you want this repository to be a Redis repository, consider annotating your entities with one of these annotations: org.springframework.data.redis.core.RedisHash (preferred), or consider extending one of the following types with your repository: org.springframework.data.keyvalue.repository.KeyValueRepository.
2020-06-26 12:41:15 [main] INFO  org.springframework.data.repository.config.RepositoryConfigurationDelegate %PARSER_ERROR[x] -Finished Spring Data repository scanning in 15ms. Found 0 Redis repository interfaces.
2020-06-26 12:41:16 [main] INFO  org.springframework.boot.web.embedded.tomcat.TomcatWebServer %PARSER_ERROR[x] -Tomcat initialized with port(s): 8080 (http)
2020-06-26 12:41:17 [main] INFO  org.apache.juli.logging.DirectJDKLog %PARSER_ERROR[x] -Starting service [Tomcat]
2020-06-26 12:41:17 [main] INFO  org.apache.juli.logging.DirectJDKLog %PARSER_ERROR[x] -Starting Servlet engine: [Apache Tomcat/9.0.31]
2020-06-26 12:41:17 [main] INFO  org.apache.juli.logging.DirectJDKLog %PARSER_ERROR[x] -Initializing Spring embedded WebApplicationContext
2020-06-26 12:41:17 [main] INFO  org.springframework.boot.web.servlet.context.ServletWebServerApplicationContext %PARSER_ERROR[x] -Root WebApplicationContext: initialization completed in 3605 ms
2020-06-26 12:41:17 [main] INFO  org.hibernate.jpa.internal.util.LogHelper %PARSER_ERROR[x] -HHH000204: Processing PersistenceUnitInfo [name: default]
2020-06-26 12:41:17 [main] INFO  org.hibernate.Version %PARSER_ERROR[x] -HHH000412: Hibernate ORM core version 5.4.12.Final
2020-06-26 12:41:18 [main] INFO  org.hibernate.annotations.common.reflection.java.JavaReflectionManager %PARSER_ERROR[x] -HCANN000001: Hibernate Commons Annotations {5.1.0.Final}
2020-06-26 12:41:18 [main] INFO  com.zaxxer.hikari.HikariDataSource %PARSER_ERROR[x] -HikariPool-1 - Starting...
2020-06-26 12:41:18 [main] INFO  com.zaxxer.hikari.HikariDataSource %PARSER_ERROR[x] -HikariPool-1 - Start completed.
2020-06-26 12:41:18 [main] INFO  org.hibernate.dialect.Dialect %PARSER_ERROR[x] -HHH000400: Using dialect: org.hibernate.dialect.MySQL5Dialect
2020-06-26 12:41:20 [main] INFO  org.hibernate.engine.transaction.jta.platform.internal.JtaPlatformInitiator %PARSER_ERROR[x] -HHH000490: Using JtaPlatform implementation: [org.hibernate.engine.transaction.jta.platform.internal.NoJtaPlatform]
2020-06-26 12:41:20 [main] INFO  org.springframework.orm.jpa.AbstractEntityManagerFactoryBean %PARSER_ERROR[x] -Initialized JPA EntityManagerFactory for persistence unit 'default'
2020-06-26 12:41:24 [main] WARN  org.springframework.boot.autoconfigure.orm.jpa.JpaBaseConfiguration$JpaWebConfiguration %PARSER_ERROR[x] -spring.jpa.open-in-view is enabled by default. Therefore, database queries may be performed during view rendering. Explicitly configure spring.jpa.open-in-view to disable this warning
2020-06-26 12:41:25 [main] INFO  springfox.documentation.spring.web.PropertySourcedRequestMappingHandlerMapping %PARSER_ERROR[x] -Mapped URL path [/v2/api-docs] onto method [springfox.documentation.swagger2.web.Swagger2Controller#getDocumentation(String, HttpServletRequest)]
2020-06-26 12:41:26 [main] INFO  springfox.documentation.spring.web.plugins.DocumentationPluginsBootstrapper %PARSER_ERROR[x] -Context refreshed
2020-06-26 12:41:26 [main] INFO  springfox.documentation.spring.web.plugins.DocumentationPluginsBootstrapper %PARSER_ERROR[x] -Found 1 custom documentation plugin(s)
2020-06-26 12:41:26 [main] INFO  springfox.documentation.spring.web.scanners.ApiListingReferenceScanner %PARSER_ERROR[x] -Scanning for api listing references
2020-06-26 12:41:27 [main] INFO  org.springframework.amqp.rabbit.connection.AbstractConnectionFactory %PARSER_ERROR[x] -Attempting to connect to: [localhost:5672]
2020-06-26 12:41:27 [main] INFO  org.springframework.amqp.rabbit.connection.AbstractConnectionFactory %PARSER_ERROR[x] -Created new connection: rabbitConnectionFactory#4e1a3d5a:0/SimpleConnection@38b7004d [delegate=amqp://guest@127.0.0.1:5672/, localPort= 62758]
2020-06-26 12:41:27 [main] INFO  org.springframework.boot.web.embedded.tomcat.TomcatWebServer %PARSER_ERROR[x] -Tomcat started on port(s): 8080 (http) with context path ''
2020-06-26 12:41:27 [main] INFO  org.springframework.boot.StartupInfoLogger %PARSER_ERROR[x] -Started FundooKeepApplication in 14.969 seconds (JVM running for 15.772)
