2020-06-27 21:57:11 [main] INFO  org.springframework.boot.StartupInfoLogger %PARSER_ERROR[x] -Starting FundooKeepApplication on DESKTOP-VJE8VFV with PID 29412 (F:\SpringToolSuitProjects\fundoo-application\fundoo-keep\target\classes started by lakshmikanth in F:\SpringToolSuitProjects\fundoo-application\fundoo-keep)
2020-06-27 21:57:11 [main] DEBUG org.springframework.boot.StartupInfoLogger %PARSER_ERROR[x] -Running with Spring Boot v2.2.5.RELEASE, Spring v5.2.4.RELEASE
2020-06-27 21:57:11 [main] INFO  org.springframework.boot.SpringApplication %PARSER_ERROR[x] -The following profiles are active: dev
2020-06-27 21:57:12 [main] WARN  org.springframework.context.support.AbstractApplicationContext %PARSER_ERROR[x] -Exception encountered during context initialization - cancelling refresh attempt: org.springframework.beans.factory.BeanDefinitionStoreException: Failed to process import candidates for configuration class [com.bridgelabz.fundookeep.FundooKeepApplication]; nested exception is java.lang.IllegalStateException: Error processing condition on org.springframework.boot.autoconfigure.jdbc.DataSourceAutoConfiguration$EmbeddedDatabaseConfiguration
2020-06-27 21:57:12 [main] INFO  org.springframework.boot.autoconfigure.logging.ConditionEvaluationReportLoggingListener %PARSER_ERROR[x] -

Error starting ApplicationContext. To display the conditions report re-run your application with 'debug' enabled.
2020-06-27 21:57:12 [main] ERROR org.springframework.boot.SpringApplication %PARSER_ERROR[x] -Application run failed
org.springframework.beans.factory.BeanDefinitionStoreException: Failed to process import candidates for configuration class [com.bridgelabz.fundookeep.FundooKeepApplication]; nested exception is java.lang.IllegalStateException: Error processing condition on org.springframework.boot.autoconfigure.jdbc.DataSourceAutoConfiguration$EmbeddedDatabaseConfiguration
	at org.springframework.context.annotation.ConfigurationClassParser.processImports(ConfigurationClassParser.java:609)
	at org.springframework.context.annotation.ConfigurationClassParser.access$800(ConfigurationClassParser.java:110)
	at org.springframework.context.annotation.ConfigurationClassParser$DeferredImportSelectorGroupingHandler.lambda$processGroupImports$1(ConfigurationClassParser.java:811)
	at java.util.ArrayList.forEach(ArrayList.java:1257)
	at org.springframework.context.annotation.ConfigurationClassParser$DeferredImportSelectorGroupingHandler.processGroupImports(ConfigurationClassParser.java:808)
	at org.springframework.context.annotation.ConfigurationClassParser$DeferredImportSelectorHandler.process(ConfigurationClassParser.java:779)
	at org.springframework.context.annotation.ConfigurationClassParser.parse(ConfigurationClassParser.java:192)
	at org.springframework.context.annotation.ConfigurationClassPostProcessor.processConfigBeanDefinitions(ConfigurationClassPostProcessor.java:319)
	at org.springframework.context.annotation.ConfigurationClassPostProcessor.postProcessBeanDefinitionRegistry(ConfigurationClassPostProcessor.java:236)
	at org.springframework.context.support.PostProcessorRegistrationDelegate.invokeBeanDefinitionRegistryPostProcessors(PostProcessorRegistrationDelegate.java:275)
	at org.springframework.context.support.PostProcessorRegistrationDelegate.invokeBeanFactoryPostProcessors(PostProcessorRegistrationDelegate.java:95)
	at org.springframework.context.support.AbstractApplicationContext.invokeBeanFactoryPostProcessors(AbstractApplicationContext.java:706)
	at org.springframework.context.support.AbstractApplicationContext.refresh(AbstractApplicationContext.java:532)
	at org.springframework.boot.web.servlet.context.ServletWebServerApplicationContext.refresh(ServletWebServerApplicationContext.java:141)
	at org.springframework.boot.SpringApplication.refresh(SpringApplication.java:747)
	at org.springframework.boot.SpringApplication.refreshContext(SpringApplication.java:397)
	at org.springframework.boot.SpringApplication.run(SpringApplication.java:315)
	at org.springframework.boot.SpringApplication.run(SpringApplication.java:1226)
	at org.springframework.boot.SpringApplication.run(SpringApplication.java:1215)
	at com.bridgelabz.fundookeep.FundooKeepApplication.main(FundooKeepApplication.java:18)
Caused by: java.lang.IllegalStateException: Error processing condition on org.springframework.boot.autoconfigure.jdbc.DataSourceAutoConfiguration$EmbeddedDatabaseConfiguration
	at org.springframework.boot.autoconfigure.condition.SpringBootCondition.matches(SpringBootCondition.java:60)
	at org.springframework.context.annotation.ConditionEvaluator.shouldSkip(ConditionEvaluator.java:108)
	at org.springframework.context.annotation.ConfigurationClassParser.processConfigurationClass(ConfigurationClassParser.java:225)
	at org.springframework.context.annotation.ConfigurationClassParser.processMemberClasses(ConfigurationClassParser.java:371)
	at org.springframework.context.annotation.ConfigurationClassParser.doProcessConfigurationClass(ConfigurationClassParser.java:271)
	at org.springframework.context.annotation.ConfigurationClassParser.processConfigurationClass(ConfigurationClassParser.java:249)
	at org.springframework.context.annotation.ConfigurationClassParser.processImports(ConfigurationClassParser.java:599)
	... 19 common frames omitted
Caused by: java.lang.IllegalArgumentException: Could not resolve placeholder 'dbName' in value "jdbc:mysql://localhost:3306/${dbName}?createDatabaseIfNotExist=true"
	at org.springframework.util.PropertyPlaceholderHelper.parseStringValue(PropertyPlaceholderHelper.java:178)
	at org.springframework.util.PropertyPlaceholderHelper.replacePlaceholders(PropertyPlaceholderHelper.java:124)
	at org.springframework.core.env.AbstractPropertyResolver.doResolvePlaceholders(AbstractPropertyResolver.java:236)
	at org.springframework.core.env.AbstractPropertyResolver.resolveRequiredPlaceholders(AbstractPropertyResolver.java:210)
	at org.springframework.core.env.AbstractPropertyResolver.resolveNestedPlaceholders(AbstractPropertyResolver.java:227)
	at org.springframework.core.env.PropertySourcesPropertyResolver.getProperty(PropertySourcesPropertyResolver.java:88)
	at org.springframework.core.env.PropertySourcesPropertyResolver.getProperty(PropertySourcesPropertyResolver.java:62)
	at org.springframework.core.env.AbstractEnvironment.getProperty(AbstractEnvironment.java:535)
	at org.springframework.boot.autoconfigure.jdbc.DataSourceAutoConfiguration$EmbeddedDatabaseCondition.getMatchOutcome(DataSourceAutoConfiguration.java:126)
	at org.springframework.boot.autoconfigure.condition.SpringBootCondition.matches(SpringBootCondition.java:47)
	... 25 common frames omitted
2020-06-27 21:58:07 [main] INFO  org.springframework.boot.StartupInfoLogger %PARSER_ERROR[x] -Starting FundooKeepApplication on DESKTOP-VJE8VFV with PID 30564 (F:\SpringToolSuitProjects\fundoo-application\fundoo-keep\target\classes started by lakshmikanth in F:\SpringToolSuitProjects\fundoo-application\fundoo-keep)
2020-06-27 21:58:07 [main] DEBUG org.springframework.boot.StartupInfoLogger %PARSER_ERROR[x] -Running with Spring Boot v2.2.5.RELEASE, Spring v5.2.4.RELEASE
2020-06-27 21:58:07 [main] INFO  org.springframework.boot.SpringApplication %PARSER_ERROR[x] -The following profiles are active: dev
2020-06-27 21:58:08 [main] WARN  org.springframework.context.support.AbstractApplicationContext %PARSER_ERROR[x] -Exception encountered during context initialization - cancelling refresh attempt: org.springframework.beans.factory.BeanDefinitionStoreException: Failed to process import candidates for configuration class [com.bridgelabz.fundookeep.FundooKeepApplication]; nested exception is java.lang.IllegalStateException: Error processing condition on org.springframework.boot.autoconfigure.jdbc.DataSourceAutoConfiguration$EmbeddedDatabaseConfiguration
2020-06-27 21:58:08 [main] INFO  org.springframework.boot.autoconfigure.logging.ConditionEvaluationReportLoggingListener %PARSER_ERROR[x] -

Error starting ApplicationContext. To display the conditions report re-run your application with 'debug' enabled.
2020-06-27 21:58:08 [main] ERROR org.springframework.boot.SpringApplication %PARSER_ERROR[x] -Application run failed
org.springframework.beans.factory.BeanDefinitionStoreException: Failed to process import candidates for configuration class [com.bridgelabz.fundookeep.FundooKeepApplication]; nested exception is java.lang.IllegalStateException: Error processing condition on org.springframework.boot.autoconfigure.jdbc.DataSourceAutoConfiguration$EmbeddedDatabaseConfiguration
	at org.springframework.context.annotation.ConfigurationClassParser.processImports(ConfigurationClassParser.java:609)
	at org.springframework.context.annotation.ConfigurationClassParser.access$800(ConfigurationClassParser.java:110)
	at org.springframework.context.annotation.ConfigurationClassParser$DeferredImportSelectorGroupingHandler.lambda$processGroupImports$1(ConfigurationClassParser.java:811)
	at java.util.ArrayList.forEach(ArrayList.java:1257)
	at org.springframework.context.annotation.ConfigurationClassParser$DeferredImportSelectorGroupingHandler.processGroupImports(ConfigurationClassParser.java:808)
	at org.springframework.context.annotation.ConfigurationClassParser$DeferredImportSelectorHandler.process(ConfigurationClassParser.java:779)
	at org.springframework.context.annotation.ConfigurationClassParser.parse(ConfigurationClassParser.java:192)
	at org.springframework.context.annotation.ConfigurationClassPostProcessor.processConfigBeanDefinitions(ConfigurationClassPostProcessor.java:319)
	at org.springframework.context.annotation.ConfigurationClassPostProcessor.postProcessBeanDefinitionRegistry(ConfigurationClassPostProcessor.java:236)
	at org.springframework.context.support.PostProcessorRegistrationDelegate.invokeBeanDefinitionRegistryPostProcessors(PostProcessorRegistrationDelegate.java:275)
	at org.springframework.context.support.PostProcessorRegistrationDelegate.invokeBeanFactoryPostProcessors(PostProcessorRegistrationDelegate.java:95)
	at org.springframework.context.support.AbstractApplicationContext.invokeBeanFactoryPostProcessors(AbstractApplicationContext.java:706)
	at org.springframework.context.support.AbstractApplicationContext.refresh(AbstractApplicationContext.java:532)
	at org.springframework.boot.web.servlet.context.ServletWebServerApplicationContext.refresh(ServletWebServerApplicationContext.java:141)
	at org.springframework.boot.SpringApplication.refresh(SpringApplication.java:747)
	at org.springframework.boot.SpringApplication.refreshContext(SpringApplication.java:397)
	at org.springframework.boot.SpringApplication.run(SpringApplication.java:315)
	at org.springframework.boot.SpringApplication.run(SpringApplication.java:1226)
	at org.springframework.boot.SpringApplication.run(SpringApplication.java:1215)
	at com.bridgelabz.fundookeep.FundooKeepApplication.main(FundooKeepApplication.java:18)
Caused by: java.lang.IllegalStateException: Error processing condition on org.springframework.boot.autoconfigure.jdbc.DataSourceAutoConfiguration$EmbeddedDatabaseConfiguration
	at org.springframework.boot.autoconfigure.condition.SpringBootCondition.matches(SpringBootCondition.java:60)
	at org.springframework.context.annotation.ConditionEvaluator.shouldSkip(ConditionEvaluator.java:108)
	at org.springframework.context.annotation.ConfigurationClassParser.processConfigurationClass(ConfigurationClassParser.java:225)
	at org.springframework.context.annotation.ConfigurationClassParser.processMemberClasses(ConfigurationClassParser.java:371)
	at org.springframework.context.annotation.ConfigurationClassParser.doProcessConfigurationClass(ConfigurationClassParser.java:271)
	at org.springframework.context.annotation.ConfigurationClassParser.processConfigurationClass(ConfigurationClassParser.java:249)
	at org.springframework.context.annotation.ConfigurationClassParser.processImports(ConfigurationClassParser.java:599)
	... 19 common frames omitted
Caused by: java.lang.IllegalArgumentException: Could not resolve placeholder 'dbName' in value "jdbc:mysql://localhost:3306/${dbName}?createDatabaseIfNotExist=true"
	at org.springframework.util.PropertyPlaceholderHelper.parseStringValue(PropertyPlaceholderHelper.java:178)
	at org.springframework.util.PropertyPlaceholderHelper.replacePlaceholders(PropertyPlaceholderHelper.java:124)
	at org.springframework.core.env.AbstractPropertyResolver.doResolvePlaceholders(AbstractPropertyResolver.java:236)
	at org.springframework.core.env.AbstractPropertyResolver.resolveRequiredPlaceholders(AbstractPropertyResolver.java:210)
	at org.springframework.core.env.AbstractPropertyResolver.resolveNestedPlaceholders(AbstractPropertyResolver.java:227)
	at org.springframework.core.env.PropertySourcesPropertyResolver.getProperty(PropertySourcesPropertyResolver.java:88)
	at org.springframework.core.env.PropertySourcesPropertyResolver.getProperty(PropertySourcesPropertyResolver.java:62)
	at org.springframework.core.env.AbstractEnvironment.getProperty(AbstractEnvironment.java:535)
	at org.springframework.boot.autoconfigure.jdbc.DataSourceAutoConfiguration$EmbeddedDatabaseCondition.getMatchOutcome(DataSourceAutoConfiguration.java:126)
	at org.springframework.boot.autoconfigure.condition.SpringBootCondition.matches(SpringBootCondition.java:47)
	... 25 common frames omitted
