2020-06-29 10:48:04 [main] INFO  org.springframework.boot.StartupInfoLogger %PARSER_ERROR[x] -Starting FundooKeepApplication on DESKTOP-VJE8VFV with PID 18004 (F:\Programs\book\fundoo-keep\target\classes started by lakshmikanth in F:\Programs\book\fundoo-keep)
2020-06-29 10:48:04 [main] DEBUG org.springframework.boot.StartupInfoLogger %PARSER_ERROR[x] -Running with Spring Boot v2.2.5.RELEASE, Spring v5.2.4.RELEASE
2020-06-29 10:48:04 [main] INFO  org.springframework.boot.SpringApplication %PARSER_ERROR[x] -The following profiles are active: dev
2020-06-29 10:48:05 [main] WARN  org.springframework.context.support.AbstractApplicationContext %PARSER_ERROR[x] -Exception encountered during context initialization - cancelling refresh attempt: org.springframework.beans.factory.BeanDefinitionStoreException: Failed to process import candidates for configuration class [com.bridgelabz.fundookeep.FundooKeepApplication]; nested exception is java.lang.IllegalStateException: Error processing condition on org.springframework.boot.autoconfigure.jdbc.DataSourceAutoConfiguration$EmbeddedDatabaseConfiguration
2020-06-29 10:48:05 [main] INFO  org.springframework.boot.autoconfigure.logging.ConditionEvaluationReportLoggingListener %PARSER_ERROR[x] -

Error starting ApplicationContext. To display the conditions report re-run your application with 'debug' enabled.
2020-06-29 10:48:05 [main] ERROR org.springframework.boot.SpringApplication %PARSER_ERROR[x] -Application run failed
org.springframework.beans.factory.BeanDefinitionStoreException: Failed to process import candidates for configuration class [com.bridgelabz.fundookeep.FundooKeepApplication]; nested exception is java.lang.IllegalStateException: Error processing condition on org.springframework.boot.autoconfigure.jdbc.DataSourceAutoConfiguration$EmbeddedDatabaseConfiguration
	at org.springframework.context.annotation.ConfigurationClassParser.processImports(ConfigurationClassParser.java:609)
	at org.springframework.context.annotation.ConfigurationClassParser.access$800(ConfigurationClassParser.java:110)
	at org.springframework.context.annotation.ConfigurationClassParser$DeferredImportSelectorGroupingHandler.lambda$processGroupImports$1(ConfigurationClassParser.java:811)
	at java.util.ArrayList.forEach(ArrayList.java:1257)
	at org.springframework.context.annotation.ConfigurationClassParser$DeferredImportSelectorGroupingHandler.processGroupImports(ConfigurationClassParser.java:808)
	at org.springframework.context.annotation.ConfigurationClassParser$DeferredImportSelectorHandler.process(ConfigurationClassParser.java:779)
	at org.springframework.context.annotation.ConfigurationClassParser.parse(ConfigurationClassParser.java:192)
	at org.springframework.context.annotation.ConfigurationClassPostProcessor.processConfigBeanDefinitions(ConfigurationClassPostProcessor.java:319)
	at org.springframework.context.annotation.ConfigurationClassPostProcessor.postProcessBeanDefinitionRegistry(ConfigurationClassPostProcessor.java:236)
	at org.springframework.context.support.PostProcessorRegistrationDelegate.invokeBeanDefinitionRegistryPostProcessors(PostProcessorRegistrationDelegate.java:275)
	at org.springframework.context.support.PostProcessorRegistrationDelegate.invokeBeanFactoryPostProcessors(PostProcessorRegistrationDelegate.java:95)
	at org.springframework.context.support.AbstractApplicationContext.invokeBeanFactoryPostProcessors(AbstractApplicationContext.java:706)
	at org.springframework.context.support.AbstractApplicationContext.refresh(AbstractApplicationContext.java:532)
	at org.springframework.boot.web.servlet.context.ServletWebServerApplicationContext.refresh(ServletWebServerApplicationContext.java:141)
	at org.springframework.boot.SpringApplication.refresh(SpringApplication.java:747)
	at org.springframework.boot.SpringApplication.refreshContext(SpringApplication.java:397)
	at org.springframework.boot.SpringApplication.run(SpringApplication.java:315)
	at org.springframework.boot.SpringApplication.run(SpringApplication.java:1226)
	at org.springframework.boot.SpringApplication.run(SpringApplication.java:1215)
	at com.bridgelabz.fundookeep.FundooKeepApplication.main(FundooKeepApplication.java:18)
Caused by: java.lang.IllegalStateException: Error processing condition on org.springframework.boot.autoconfigure.jdbc.DataSourceAutoConfiguration$EmbeddedDatabaseConfiguration
	at org.springframework.boot.autoconfigure.condition.SpringBootCondition.matches(SpringBootCondition.java:60)
	at org.springframework.context.annotation.ConditionEvaluator.shouldSkip(ConditionEvaluator.java:108)
	at org.springframework.context.annotation.ConfigurationClassParser.processConfigurationClass(ConfigurationClassParser.java:225)
	at org.springframework.context.annotation.ConfigurationClassParser.processMemberClasses(ConfigurationClassParser.java:371)
	at org.springframework.context.annotation.ConfigurationClassParser.doProcessConfigurationClass(ConfigurationClassParser.java:271)
	at org.springframework.context.annotation.ConfigurationClassParser.processConfigurationClass(ConfigurationClassParser.java:249)
	at org.springframework.context.annotation.ConfigurationClassParser.processImports(ConfigurationClassParser.java:599)
	... 19 common frames omitted
Caused by: java.lang.IllegalArgumentException: Could not resolve placeholder 'dbName' in value "jdbc:mysql://localhost:3306/${dbName}?createDatabaseIfNotExist=true"
	at org.springframework.util.PropertyPlaceholderHelper.parseStringValue(PropertyPlaceholderHelper.java:178)
	at org.springframework.util.PropertyPlaceholderHelper.replacePlaceholders(PropertyPlaceholderHelper.java:124)
	at org.springframework.core.env.AbstractPropertyResolver.doResolvePlaceholders(AbstractPropertyResolver.java:236)
	at org.springframework.core.env.AbstractPropertyResolver.resolveRequiredPlaceholders(AbstractPropertyResolver.java:210)
	at org.springframework.core.env.AbstractPropertyResolver.resolveNestedPlaceholders(AbstractPropertyResolver.java:227)
	at org.springframework.core.env.PropertySourcesPropertyResolver.getProperty(PropertySourcesPropertyResolver.java:88)
	at org.springframework.core.env.PropertySourcesPropertyResolver.getProperty(PropertySourcesPropertyResolver.java:62)
	at org.springframework.core.env.AbstractEnvironment.getProperty(AbstractEnvironment.java:535)
	at org.springframework.boot.autoconfigure.jdbc.DataSourceAutoConfiguration$EmbeddedDatabaseCondition.getMatchOutcome(DataSourceAutoConfiguration.java:126)
	at org.springframework.boot.autoconfigure.condition.SpringBootCondition.matches(SpringBootCondition.java:47)
	... 25 common frames omitted
2020-06-29 10:52:52 [main] INFO  org.springframework.boot.StartupInfoLogger %PARSER_ERROR[x] -Starting FundooKeepApplication on DESKTOP-VJE8VFV with PID 13640 (F:\Programs\book\fundoo-keep\target\classes started by root in F:\Programs\book\fundoo-keep)
2020-06-29 10:52:52 [main] DEBUG org.springframework.boot.StartupInfoLogger %PARSER_ERROR[x] -Running with Spring Boot v2.2.5.RELEASE, Spring v5.2.4.RELEASE
2020-06-29 10:52:52 [main] INFO  org.springframework.boot.SpringApplication %PARSER_ERROR[x] -The following profiles are active: dev
2020-06-29 10:52:53 [main] INFO  org.springframework.data.repository.config.RepositoryConfigurationDelegate %PARSER_ERROR[x] -Multiple Spring Data modules found, entering strict repository configuration mode!
2020-06-29 10:52:53 [main] INFO  org.springframework.data.repository.config.RepositoryConfigurationDelegate %PARSER_ERROR[x] -Bootstrapping Spring Data JPA repositories in DEFAULT mode.
2020-06-29 10:52:53 [main] INFO  org.springframework.data.repository.config.RepositoryConfigurationDelegate %PARSER_ERROR[x] -Finished Spring Data repository scanning in 96ms. Found 4 JPA repository interfaces.
2020-06-29 10:52:53 [main] INFO  org.springframework.data.repository.config.RepositoryConfigurationDelegate %PARSER_ERROR[x] -Multiple Spring Data modules found, entering strict repository configuration mode!
2020-06-29 10:52:53 [main] INFO  org.springframework.data.repository.config.RepositoryConfigurationDelegate %PARSER_ERROR[x] -Bootstrapping Spring Data Redis repositories in DEFAULT mode.
2020-06-29 10:52:53 [main] INFO  org.springframework.data.repository.config.RepositoryConfigurationExtensionSupport %PARSER_ERROR[x] -Spring Data Redis - Could not safely identify store assignment for repository candidate interface com.bridgelabz.fundookeep.repository.CollaboratorRepository. If you want this repository to be a Redis repository, consider annotating your entities with one of these annotations: org.springframework.data.redis.core.RedisHash (preferred), or consider extending one of the following types with your repository: org.springframework.data.keyvalue.repository.KeyValueRepository.
2020-06-29 10:52:53 [main] INFO  org.springframework.data.repository.config.RepositoryConfigurationExtensionSupport %PARSER_ERROR[x] -Spring Data Redis - Could not safely identify store assignment for repository candidate interface com.bridgelabz.fundookeep.repository.LabelRepository. If you want this repository to be a Redis repository, consider annotating your entities with one of these annotations: org.springframework.data.redis.core.RedisHash (preferred), or consider extending one of the following types with your repository: org.springframework.data.keyvalue.repository.KeyValueRepository.
2020-06-29 10:52:53 [main] INFO  org.springframework.data.repository.config.RepositoryConfigurationExtensionSupport %PARSER_ERROR[x] -Spring Data Redis - Could not safely identify store assignment for repository candidate interface com.bridgelabz.fundookeep.repository.NoteRepository. If you want this repository to be a Redis repository, consider annotating your entities with one of these annotations: org.springframework.data.redis.core.RedisHash (preferred), or consider extending one of the following types with your repository: org.springframework.data.keyvalue.repository.KeyValueRepository.
2020-06-29 10:52:53 [main] INFO  org.springframework.data.repository.config.RepositoryConfigurationExtensionSupport %PARSER_ERROR[x] -Spring Data Redis - Could not safely identify store assignment for repository candidate interface com.bridgelabz.fundookeep.repository.UserRepository. If you want this repository to be a Redis repository, consider annotating your entities with one of these annotations: org.springframework.data.redis.core.RedisHash (preferred), or consider extending one of the following types with your repository: org.springframework.data.keyvalue.repository.KeyValueRepository.
2020-06-29 10:52:53 [main] INFO  org.springframework.data.repository.config.RepositoryConfigurationDelegate %PARSER_ERROR[x] -Finished Spring Data repository scanning in 19ms. Found 0 Redis repository interfaces.
2020-06-29 10:52:53 [main] ERROR org.springframework.boot.SpringApplication %PARSER_ERROR[x] -Application run failed
java.lang.IllegalStateException: Unable to load cache item
	at org.springframework.cglib.core.internal.LoadingCache.createEntry(LoadingCache.java:79)
	at org.springframework.cglib.core.internal.LoadingCache.get(LoadingCache.java:34)
	at org.springframework.cglib.core.AbstractClassGenerator$ClassLoaderData.get(AbstractClassGenerator.java:134)
	at org.springframework.cglib.core.AbstractClassGenerator.create(AbstractClassGenerator.java:319)
	at org.springframework.cglib.proxy.Enhancer.createHelper(Enhancer.java:569)
	at org.springframework.cglib.proxy.Enhancer.createClass(Enhancer.java:416)
	at org.springframework.context.annotation.ConfigurationClassEnhancer.createClass(ConfigurationClassEnhancer.java:137)
	at org.springframework.context.annotation.ConfigurationClassEnhancer.enhance(ConfigurationClassEnhancer.java:109)
	at org.springframework.context.annotation.ConfigurationClassPostProcessor.enhanceConfigurationClasses(ConfigurationClassPostProcessor.java:423)
	at org.springframework.context.annotation.ConfigurationClassPostProcessor.postProcessBeanFactory(ConfigurationClassPostProcessor.java:257)
	at org.springframework.context.support.PostProcessorRegistrationDelegate.invokeBeanFactoryPostProcessors(PostProcessorRegistrationDelegate.java:286)
	at org.springframework.context.support.PostProcessorRegistrationDelegate.invokeBeanFactoryPostProcessors(PostProcessorRegistrationDelegate.java:130)
	at org.springframework.context.support.AbstractApplicationContext.invokeBeanFactoryPostProcessors(AbstractApplicationContext.java:706)
	at org.springframework.context.support.AbstractApplicationContext.refresh(AbstractApplicationContext.java:532)
	at org.springframework.boot.web.servlet.context.ServletWebServerApplicationContext.refresh(ServletWebServerApplicationContext.java:141)
	at org.springframework.boot.SpringApplication.refresh(SpringApplication.java:747)
	at org.springframework.boot.SpringApplication.refreshContext(SpringApplication.java:397)
	at org.springframework.boot.SpringApplication.run(SpringApplication.java:315)
	at org.springframework.boot.SpringApplication.run(SpringApplication.java:1226)
	at org.springframework.boot.SpringApplication.run(SpringApplication.java:1215)
	at com.bridgelabz.fundookeep.FundooKeepApplication.main(FundooKeepApplication.java:18)
Caused by: java.lang.ExceptionInInitializerError: null
	at java.lang.Class.forName0(Native Method)
	at java.lang.Class.forName(Class.java:348)
	at org.springframework.cglib.core.ReflectUtils.defineClass(ReflectUtils.java:571)
	at org.springframework.cglib.core.AbstractClassGenerator.generate(AbstractClassGenerator.java:363)
	at org.springframework.cglib.proxy.Enhancer.generate(Enhancer.java:582)
	at org.springframework.cglib.core.AbstractClassGenerator$ClassLoaderData$3.apply(AbstractClassGenerator.java:110)
	at org.springframework.cglib.core.AbstractClassGenerator$ClassLoaderData$3.apply(AbstractClassGenerator.java:108)
	at org.springframework.cglib.core.internal.LoadingCache$2.call(LoadingCache.java:54)
	at java.util.concurrent.FutureTask.run(FutureTask.java:266)
	at org.springframework.cglib.core.internal.LoadingCache.createEntry(LoadingCache.java:61)
	... 20 common frames omitted
Caused by: com.twilio.exception.AuthenticationException: Username can not be null
	at com.twilio.Twilio.setUsername(Twilio.java:80)
	at com.twilio.Twilio.init(Twilio.java:55)
	at com.bridgelabz.fundookeep.config.TwilioConfig.<clinit>(TwilioConfig.java:18)
	... 30 common frames omitted
2020-06-29 10:54:58 [main] INFO  org.springframework.boot.StartupInfoLogger %PARSER_ERROR[x] -Starting FundooKeepApplication on DESKTOP-VJE8VFV with PID 33892 (F:\Programs\book\fundoo-keep\target\classes started by root in F:\Programs\book\fundoo-keep)
2020-06-29 10:54:58 [main] DEBUG org.springframework.boot.StartupInfoLogger %PARSER_ERROR[x] -Running with Spring Boot v2.2.5.RELEASE, Spring v5.2.4.RELEASE
2020-06-29 10:54:58 [main] INFO  org.springframework.boot.SpringApplication %PARSER_ERROR[x] -The following profiles are active: dev
2020-06-29 10:54:59 [main] INFO  org.springframework.data.repository.config.RepositoryConfigurationDelegate %PARSER_ERROR[x] -Multiple Spring Data modules found, entering strict repository configuration mode!
2020-06-29 10:54:59 [main] INFO  org.springframework.data.repository.config.RepositoryConfigurationDelegate %PARSER_ERROR[x] -Bootstrapping Spring Data JPA repositories in DEFAULT mode.
2020-06-29 10:54:59 [main] INFO  org.springframework.data.repository.config.RepositoryConfigurationDelegate %PARSER_ERROR[x] -Finished Spring Data repository scanning in 145ms. Found 4 JPA repository interfaces.
2020-06-29 10:54:59 [main] INFO  org.springframework.data.repository.config.RepositoryConfigurationDelegate %PARSER_ERROR[x] -Multiple Spring Data modules found, entering strict repository configuration mode!
2020-06-29 10:54:59 [main] INFO  org.springframework.data.repository.config.RepositoryConfigurationDelegate %PARSER_ERROR[x] -Bootstrapping Spring Data Redis repositories in DEFAULT mode.
2020-06-29 10:55:00 [main] INFO  org.springframework.data.repository.config.RepositoryConfigurationExtensionSupport %PARSER_ERROR[x] -Spring Data Redis - Could not safely identify store assignment for repository candidate interface com.bridgelabz.fundookeep.repository.CollaboratorRepository. If you want this repository to be a Redis repository, consider annotating your entities with one of these annotations: org.springframework.data.redis.core.RedisHash (preferred), or consider extending one of the following types with your repository: org.springframework.data.keyvalue.repository.KeyValueRepository.
2020-06-29 10:55:00 [main] INFO  org.springframework.data.repository.config.RepositoryConfigurationExtensionSupport %PARSER_ERROR[x] -Spring Data Redis - Could not safely identify store assignment for repository candidate interface com.bridgelabz.fundookeep.repository.LabelRepository. If you want this repository to be a Redis repository, consider annotating your entities with one of these annotations: org.springframework.data.redis.core.RedisHash (preferred), or consider extending one of the following types with your repository: org.springframework.data.keyvalue.repository.KeyValueRepository.
2020-06-29 10:55:00 [main] INFO  org.springframework.data.repository.config.RepositoryConfigurationExtensionSupport %PARSER_ERROR[x] -Spring Data Redis - Could not safely identify store assignment for repository candidate interface com.bridgelabz.fundookeep.repository.NoteRepository. If you want this repository to be a Redis repository, consider annotating your entities with one of these annotations: org.springframework.data.redis.core.RedisHash (preferred), or consider extending one of the following types with your repository: org.springframework.data.keyvalue.repository.KeyValueRepository.
2020-06-29 10:55:00 [main] INFO  org.springframework.data.repository.config.RepositoryConfigurationExtensionSupport %PARSER_ERROR[x] -Spring Data Redis - Could not safely identify store assignment for repository candidate interface com.bridgelabz.fundookeep.repository.UserRepository. If you want this repository to be a Redis repository, consider annotating your entities with one of these annotations: org.springframework.data.redis.core.RedisHash (preferred), or consider extending one of the following types with your repository: org.springframework.data.keyvalue.repository.KeyValueRepository.
2020-06-29 10:55:00 [main] INFO  org.springframework.data.repository.config.RepositoryConfigurationDelegate %PARSER_ERROR[x] -Finished Spring Data repository scanning in 21ms. Found 0 Redis repository interfaces.
2020-06-29 10:55:00 [main] ERROR org.springframework.boot.SpringApplication %PARSER_ERROR[x] -Application run failed
java.lang.IllegalStateException: Unable to load cache item
	at org.springframework.cglib.core.internal.LoadingCache.createEntry(LoadingCache.java:79)
	at org.springframework.cglib.core.internal.LoadingCache.get(LoadingCache.java:34)
	at org.springframework.cglib.core.AbstractClassGenerator$ClassLoaderData.get(AbstractClassGenerator.java:134)
	at org.springframework.cglib.core.AbstractClassGenerator.create(AbstractClassGenerator.java:319)
	at org.springframework.cglib.proxy.Enhancer.createHelper(Enhancer.java:569)
	at org.springframework.cglib.proxy.Enhancer.createClass(Enhancer.java:416)
	at org.springframework.context.annotation.ConfigurationClassEnhancer.createClass(ConfigurationClassEnhancer.java:137)
	at org.springframework.context.annotation.ConfigurationClassEnhancer.enhance(ConfigurationClassEnhancer.java:109)
	at org.springframework.context.annotation.ConfigurationClassPostProcessor.enhanceConfigurationClasses(ConfigurationClassPostProcessor.java:423)
	at org.springframework.context.annotation.ConfigurationClassPostProcessor.postProcessBeanFactory(ConfigurationClassPostProcessor.java:257)
	at org.springframework.context.support.PostProcessorRegistrationDelegate.invokeBeanFactoryPostProcessors(PostProcessorRegistrationDelegate.java:286)
	at org.springframework.context.support.PostProcessorRegistrationDelegate.invokeBeanFactoryPostProcessors(PostProcessorRegistrationDelegate.java:130)
	at org.springframework.context.support.AbstractApplicationContext.invokeBeanFactoryPostProcessors(AbstractApplicationContext.java:706)
	at org.springframework.context.support.AbstractApplicationContext.refresh(AbstractApplicationContext.java:532)
	at org.springframework.boot.web.servlet.context.ServletWebServerApplicationContext.refresh(ServletWebServerApplicationContext.java:141)
	at org.springframework.boot.SpringApplication.refresh(SpringApplication.java:747)
	at org.springframework.boot.SpringApplication.refreshContext(SpringApplication.java:397)
	at org.springframework.boot.SpringApplication.run(SpringApplication.java:315)
	at org.springframework.boot.SpringApplication.run(SpringApplication.java:1226)
	at org.springframework.boot.SpringApplication.run(SpringApplication.java:1215)
	at com.bridgelabz.fundookeep.FundooKeepApplication.main(FundooKeepApplication.java:18)
Caused by: java.lang.ExceptionInInitializerError: null
	at java.lang.Class.forName0(Native Method)
	at java.lang.Class.forName(Class.java:348)
	at org.springframework.cglib.core.ReflectUtils.defineClass(ReflectUtils.java:571)
	at org.springframework.cglib.core.AbstractClassGenerator.generate(AbstractClassGenerator.java:363)
	at org.springframework.cglib.proxy.Enhancer.generate(Enhancer.java:582)
	at org.springframework.cglib.core.AbstractClassGenerator$ClassLoaderData$3.apply(AbstractClassGenerator.java:110)
	at org.springframework.cglib.core.AbstractClassGenerator$ClassLoaderData$3.apply(AbstractClassGenerator.java:108)
	at org.springframework.cglib.core.internal.LoadingCache$2.call(LoadingCache.java:54)
	at java.util.concurrent.FutureTask.run(FutureTask.java:266)
	at org.springframework.cglib.core.internal.LoadingCache.createEntry(LoadingCache.java:61)
	... 20 common frames omitted
Caused by: com.twilio.exception.AuthenticationException: Username can not be null
	at com.twilio.Twilio.setUsername(Twilio.java:80)
	at com.twilio.Twilio.init(Twilio.java:55)
	at com.bridgelabz.fundookeep.config.TwilioConfig.<clinit>(TwilioConfig.java:19)
	... 30 common frames omitted
2020-06-29 10:57:17 [main] INFO  org.springframework.boot.StartupInfoLogger %PARSER_ERROR[x] -Starting FundooKeepApplication on DESKTOP-VJE8VFV with PID 9140 (F:\Programs\book\fundoo-keep\target\classes started by root in F:\Programs\book\fundoo-keep)
2020-06-29 10:57:17 [main] DEBUG org.springframework.boot.StartupInfoLogger %PARSER_ERROR[x] -Running with Spring Boot v2.2.5.RELEASE, Spring v5.2.4.RELEASE
2020-06-29 10:57:17 [main] INFO  org.springframework.boot.SpringApplication %PARSER_ERROR[x] -The following profiles are active: dev
2020-06-29 10:57:18 [main] INFO  org.springframework.data.repository.config.RepositoryConfigurationDelegate %PARSER_ERROR[x] -Multiple Spring Data modules found, entering strict repository configuration mode!
2020-06-29 10:57:18 [main] INFO  org.springframework.data.repository.config.RepositoryConfigurationDelegate %PARSER_ERROR[x] -Bootstrapping Spring Data JPA repositories in DEFAULT mode.
2020-06-29 10:57:18 [main] INFO  org.springframework.data.repository.config.RepositoryConfigurationDelegate %PARSER_ERROR[x] -Finished Spring Data repository scanning in 104ms. Found 4 JPA repository interfaces.
2020-06-29 10:57:18 [main] INFO  org.springframework.data.repository.config.RepositoryConfigurationDelegate %PARSER_ERROR[x] -Multiple Spring Data modules found, entering strict repository configuration mode!
2020-06-29 10:57:18 [main] INFO  org.springframework.data.repository.config.RepositoryConfigurationDelegate %PARSER_ERROR[x] -Bootstrapping Spring Data Redis repositories in DEFAULT mode.
2020-06-29 10:57:18 [main] INFO  org.springframework.data.repository.config.RepositoryConfigurationExtensionSupport %PARSER_ERROR[x] -Spring Data Redis - Could not safely identify store assignment for repository candidate interface com.bridgelabz.fundookeep.repository.CollaboratorRepository. If you want this repository to be a Redis repository, consider annotating your entities with one of these annotations: org.springframework.data.redis.core.RedisHash (preferred), or consider extending one of the following types with your repository: org.springframework.data.keyvalue.repository.KeyValueRepository.
2020-06-29 10:57:18 [main] INFO  org.springframework.data.repository.config.RepositoryConfigurationExtensionSupport %PARSER_ERROR[x] -Spring Data Redis - Could not safely identify store assignment for repository candidate interface com.bridgelabz.fundookeep.repository.LabelRepository. If you want this repository to be a Redis repository, consider annotating your entities with one of these annotations: org.springframework.data.redis.core.RedisHash (preferred), or consider extending one of the following types with your repository: org.springframework.data.keyvalue.repository.KeyValueRepository.
2020-06-29 10:57:18 [main] INFO  org.springframework.data.repository.config.RepositoryConfigurationExtensionSupport %PARSER_ERROR[x] -Spring Data Redis - Could not safely identify store assignment for repository candidate interface com.bridgelabz.fundookeep.repository.NoteRepository. If you want this repository to be a Redis repository, consider annotating your entities with one of these annotations: org.springframework.data.redis.core.RedisHash (preferred), or consider extending one of the following types with your repository: org.springframework.data.keyvalue.repository.KeyValueRepository.
2020-06-29 10:57:18 [main] INFO  org.springframework.data.repository.config.RepositoryConfigurationExtensionSupport %PARSER_ERROR[x] -Spring Data Redis - Could not safely identify store assignment for repository candidate interface com.bridgelabz.fundookeep.repository.UserRepository. If you want this repository to be a Redis repository, consider annotating your entities with one of these annotations: org.springframework.data.redis.core.RedisHash (preferred), or consider extending one of the following types with your repository: org.springframework.data.keyvalue.repository.KeyValueRepository.
2020-06-29 10:57:18 [main] INFO  org.springframework.data.repository.config.RepositoryConfigurationDelegate %PARSER_ERROR[x] -Finished Spring Data repository scanning in 16ms. Found 0 Redis repository interfaces.
2020-06-29 10:57:19 [main] ERROR org.springframework.boot.SpringApplication %PARSER_ERROR[x] -Application run failed
java.lang.IllegalStateException: Unable to load cache item
	at org.springframework.cglib.core.internal.LoadingCache.createEntry(LoadingCache.java:79)
	at org.springframework.cglib.core.internal.LoadingCache.get(LoadingCache.java:34)
	at org.springframework.cglib.core.AbstractClassGenerator$ClassLoaderData.get(AbstractClassGenerator.java:134)
	at org.springframework.cglib.core.AbstractClassGenerator.create(AbstractClassGenerator.java:319)
	at org.springframework.cglib.proxy.Enhancer.createHelper(Enhancer.java:569)
	at org.springframework.cglib.proxy.Enhancer.createClass(Enhancer.java:416)
	at org.springframework.context.annotation.ConfigurationClassEnhancer.createClass(ConfigurationClassEnhancer.java:137)
	at org.springframework.context.annotation.ConfigurationClassEnhancer.enhance(ConfigurationClassEnhancer.java:109)
	at org.springframework.context.annotation.ConfigurationClassPostProcessor.enhanceConfigurationClasses(ConfigurationClassPostProcessor.java:423)
	at org.springframework.context.annotation.ConfigurationClassPostProcessor.postProcessBeanFactory(ConfigurationClassPostProcessor.java:257)
	at org.springframework.context.support.PostProcessorRegistrationDelegate.invokeBeanFactoryPostProcessors(PostProcessorRegistrationDelegate.java:286)
	at org.springframework.context.support.PostProcessorRegistrationDelegate.invokeBeanFactoryPostProcessors(PostProcessorRegistrationDelegate.java:130)
	at org.springframework.context.support.AbstractApplicationContext.invokeBeanFactoryPostProcessors(AbstractApplicationContext.java:706)
	at org.springframework.context.support.AbstractApplicationContext.refresh(AbstractApplicationContext.java:532)
	at org.springframework.boot.web.servlet.context.ServletWebServerApplicationContext.refresh(ServletWebServerApplicationContext.java:141)
	at org.springframework.boot.SpringApplication.refresh(SpringApplication.java:747)
	at org.springframework.boot.SpringApplication.refreshContext(SpringApplication.java:397)
	at org.springframework.boot.SpringApplication.run(SpringApplication.java:315)
	at org.springframework.boot.SpringApplication.run(SpringApplication.java:1226)
	at org.springframework.boot.SpringApplication.run(SpringApplication.java:1215)
	at com.bridgelabz.fundookeep.FundooKeepApplication.main(FundooKeepApplication.java:26)
Caused by: java.lang.ExceptionInInitializerError: null
	at java.lang.Class.forName0(Native Method)
	at java.lang.Class.forName(Class.java:348)
	at org.springframework.cglib.core.ReflectUtils.defineClass(ReflectUtils.java:571)
	at org.springframework.cglib.core.AbstractClassGenerator.generate(AbstractClassGenerator.java:363)
	at org.springframework.cglib.proxy.Enhancer.generate(Enhancer.java:582)
	at org.springframework.cglib.core.AbstractClassGenerator$ClassLoaderData$3.apply(AbstractClassGenerator.java:110)
	at org.springframework.cglib.core.AbstractClassGenerator$ClassLoaderData$3.apply(AbstractClassGenerator.java:108)
	at org.springframework.cglib.core.internal.LoadingCache$2.call(LoadingCache.java:54)
	at java.util.concurrent.FutureTask.run(FutureTask.java:266)
	at org.springframework.cglib.core.internal.LoadingCache.createEntry(LoadingCache.java:61)
	... 20 common frames omitted
Caused by: com.twilio.exception.AuthenticationException: Username can not be null
	at com.twilio.Twilio.setUsername(Twilio.java:80)
	at com.twilio.Twilio.init(Twilio.java:55)
	at com.bridgelabz.fundookeep.config.TwilioConfig.<clinit>(TwilioConfig.java:19)
	... 30 common frames omitted
2020-06-29 10:59:11 [main] INFO  org.springframework.boot.StartupInfoLogger %PARSER_ERROR[x] -Starting FundooKeepApplication on DESKTOP-VJE8VFV with PID 24256 (F:\Programs\book\fundoo-keep\target\classes started by root in F:\Programs\book\fundoo-keep)
2020-06-29 10:59:11 [main] DEBUG org.springframework.boot.StartupInfoLogger %PARSER_ERROR[x] -Running with Spring Boot v2.2.5.RELEASE, Spring v5.2.4.RELEASE
2020-06-29 10:59:11 [main] INFO  org.springframework.boot.SpringApplication %PARSER_ERROR[x] -The following profiles are active: dev
2020-06-29 10:59:12 [main] INFO  org.springframework.data.repository.config.RepositoryConfigurationDelegate %PARSER_ERROR[x] -Multiple Spring Data modules found, entering strict repository configuration mode!
2020-06-29 10:59:12 [main] INFO  org.springframework.data.repository.config.RepositoryConfigurationDelegate %PARSER_ERROR[x] -Bootstrapping Spring Data JPA repositories in DEFAULT mode.
2020-06-29 10:59:12 [main] INFO  org.springframework.data.repository.config.RepositoryConfigurationDelegate %PARSER_ERROR[x] -Finished Spring Data repository scanning in 107ms. Found 4 JPA repository interfaces.
2020-06-29 10:59:12 [main] INFO  org.springframework.data.repository.config.RepositoryConfigurationDelegate %PARSER_ERROR[x] -Multiple Spring Data modules found, entering strict repository configuration mode!
2020-06-29 10:59:12 [main] INFO  org.springframework.data.repository.config.RepositoryConfigurationDelegate %PARSER_ERROR[x] -Bootstrapping Spring Data Redis repositories in DEFAULT mode.
2020-06-29 10:59:12 [main] INFO  org.springframework.data.repository.config.RepositoryConfigurationExtensionSupport %PARSER_ERROR[x] -Spring Data Redis - Could not safely identify store assignment for repository candidate interface com.bridgelabz.fundookeep.repository.CollaboratorRepository. If you want this repository to be a Redis repository, consider annotating your entities with one of these annotations: org.springframework.data.redis.core.RedisHash (preferred), or consider extending one of the following types with your repository: org.springframework.data.keyvalue.repository.KeyValueRepository.
2020-06-29 10:59:12 [main] INFO  org.springframework.data.repository.config.RepositoryConfigurationExtensionSupport %PARSER_ERROR[x] -Spring Data Redis - Could not safely identify store assignment for repository candidate interface com.bridgelabz.fundookeep.repository.LabelRepository. If you want this repository to be a Redis repository, consider annotating your entities with one of these annotations: org.springframework.data.redis.core.RedisHash (preferred), or consider extending one of the following types with your repository: org.springframework.data.keyvalue.repository.KeyValueRepository.
2020-06-29 10:59:12 [main] INFO  org.springframework.data.repository.config.RepositoryConfigurationExtensionSupport %PARSER_ERROR[x] -Spring Data Redis - Could not safely identify store assignment for repository candidate interface com.bridgelabz.fundookeep.repository.NoteRepository. If you want this repository to be a Redis repository, consider annotating your entities with one of these annotations: org.springframework.data.redis.core.RedisHash (preferred), or consider extending one of the following types with your repository: org.springframework.data.keyvalue.repository.KeyValueRepository.
2020-06-29 10:59:12 [main] INFO  org.springframework.data.repository.config.RepositoryConfigurationExtensionSupport %PARSER_ERROR[x] -Spring Data Redis - Could not safely identify store assignment for repository candidate interface com.bridgelabz.fundookeep.repository.UserRepository. If you want this repository to be a Redis repository, consider annotating your entities with one of these annotations: org.springframework.data.redis.core.RedisHash (preferred), or consider extending one of the following types with your repository: org.springframework.data.keyvalue.repository.KeyValueRepository.
2020-06-29 10:59:12 [main] INFO  org.springframework.data.repository.config.RepositoryConfigurationDelegate %PARSER_ERROR[x] -Finished Spring Data repository scanning in 19ms. Found 0 Redis repository interfaces.
2020-06-29 10:59:13 [main] ERROR org.springframework.boot.SpringApplication %PARSER_ERROR[x] -Application run failed
java.lang.IllegalStateException: Unable to load cache item
	at org.springframework.cglib.core.internal.LoadingCache.createEntry(LoadingCache.java:79)
	at org.springframework.cglib.core.internal.LoadingCache.get(LoadingCache.java:34)
	at org.springframework.cglib.core.AbstractClassGenerator$ClassLoaderData.get(AbstractClassGenerator.java:134)
	at org.springframework.cglib.core.AbstractClassGenerator.create(AbstractClassGenerator.java:319)
	at org.springframework.cglib.proxy.Enhancer.createHelper(Enhancer.java:569)
	at org.springframework.cglib.proxy.Enhancer.createClass(Enhancer.java:416)
	at org.springframework.context.annotation.ConfigurationClassEnhancer.createClass(ConfigurationClassEnhancer.java:137)
	at org.springframework.context.annotation.ConfigurationClassEnhancer.enhance(ConfigurationClassEnhancer.java:109)
	at org.springframework.context.annotation.ConfigurationClassPostProcessor.enhanceConfigurationClasses(ConfigurationClassPostProcessor.java:423)
	at org.springframework.context.annotation.ConfigurationClassPostProcessor.postProcessBeanFactory(ConfigurationClassPostProcessor.java:257)
	at org.springframework.context.support.PostProcessorRegistrationDelegate.invokeBeanFactoryPostProcessors(PostProcessorRegistrationDelegate.java:286)
	at org.springframework.context.support.PostProcessorRegistrationDelegate.invokeBeanFactoryPostProcessors(PostProcessorRegistrationDelegate.java:130)
	at org.springframework.context.support.AbstractApplicationContext.invokeBeanFactoryPostProcessors(AbstractApplicationContext.java:706)
	at org.springframework.context.support.AbstractApplicationContext.refresh(AbstractApplicationContext.java:532)
	at org.springframework.boot.web.servlet.context.ServletWebServerApplicationContext.refresh(ServletWebServerApplicationContext.java:141)
	at org.springframework.boot.SpringApplication.refresh(SpringApplication.java:747)
	at org.springframework.boot.SpringApplication.refreshContext(SpringApplication.java:397)
	at org.springframework.boot.SpringApplication.run(SpringApplication.java:315)
	at org.springframework.boot.SpringApplication.run(SpringApplication.java:1226)
	at org.springframework.boot.SpringApplication.run(SpringApplication.java:1215)
	at com.bridgelabz.fundookeep.FundooKeepApplication.main(FundooKeepApplication.java:26)
Caused by: java.lang.ExceptionInInitializerError: null
	at java.lang.Class.forName0(Native Method)
	at java.lang.Class.forName(Class.java:348)
	at org.springframework.cglib.core.ReflectUtils.defineClass(ReflectUtils.java:571)
	at org.springframework.cglib.core.AbstractClassGenerator.generate(AbstractClassGenerator.java:363)
	at org.springframework.cglib.proxy.Enhancer.generate(Enhancer.java:582)
	at org.springframework.cglib.core.AbstractClassGenerator$ClassLoaderData$3.apply(AbstractClassGenerator.java:110)
	at org.springframework.cglib.core.AbstractClassGenerator$ClassLoaderData$3.apply(AbstractClassGenerator.java:108)
	at org.springframework.cglib.core.internal.LoadingCache$2.call(LoadingCache.java:54)
	at java.util.concurrent.FutureTask.run(FutureTask.java:266)
	at org.springframework.cglib.core.internal.LoadingCache.createEntry(LoadingCache.java:61)
	... 20 common frames omitted
Caused by: com.twilio.exception.AuthenticationException: Username can not be null
	at com.twilio.Twilio.setUsername(Twilio.java:80)
	at com.twilio.Twilio.init(Twilio.java:55)
	at com.bridgelabz.fundookeep.config.TwilioConfig.<clinit>(TwilioConfig.java:19)
	... 30 common frames omitted
2020-06-29 11:01:24 [main] INFO  org.springframework.boot.StartupInfoLogger %PARSER_ERROR[x] -Starting FundooKeepApplication on DESKTOP-VJE8VFV with PID 34452 (F:\Programs\book\fundoo-keep\target\classes started by root in F:\Programs\book\fundoo-keep)
2020-06-29 11:01:24 [main] DEBUG org.springframework.boot.StartupInfoLogger %PARSER_ERROR[x] -Running with Spring Boot v2.2.5.RELEASE, Spring v5.2.4.RELEASE
2020-06-29 11:01:24 [main] INFO  org.springframework.boot.SpringApplication %PARSER_ERROR[x] -The following profiles are active: dev
2020-06-29 11:01:26 [main] INFO  org.springframework.data.repository.config.RepositoryConfigurationDelegate %PARSER_ERROR[x] -Multiple Spring Data modules found, entering strict repository configuration mode!
2020-06-29 11:01:26 [main] INFO  org.springframework.data.repository.config.RepositoryConfigurationDelegate %PARSER_ERROR[x] -Bootstrapping Spring Data JPA repositories in DEFAULT mode.
2020-06-29 11:01:26 [main] INFO  org.springframework.data.repository.config.RepositoryConfigurationDelegate %PARSER_ERROR[x] -Finished Spring Data repository scanning in 98ms. Found 4 JPA repository interfaces.
2020-06-29 11:01:26 [main] INFO  org.springframework.data.repository.config.RepositoryConfigurationDelegate %PARSER_ERROR[x] -Multiple Spring Data modules found, entering strict repository configuration mode!
2020-06-29 11:01:26 [main] INFO  org.springframework.data.repository.config.RepositoryConfigurationDelegate %PARSER_ERROR[x] -Bootstrapping Spring Data Redis repositories in DEFAULT mode.
2020-06-29 11:01:26 [main] INFO  org.springframework.data.repository.config.RepositoryConfigurationExtensionSupport %PARSER_ERROR[x] -Spring Data Redis - Could not safely identify store assignment for repository candidate interface com.bridgelabz.fundookeep.repository.CollaboratorRepository. If you want this repository to be a Redis repository, consider annotating your entities with one of these annotations: org.springframework.data.redis.core.RedisHash (preferred), or consider extending one of the following types with your repository: org.springframework.data.keyvalue.repository.KeyValueRepository.
2020-06-29 11:01:26 [main] INFO  org.springframework.data.repository.config.RepositoryConfigurationExtensionSupport %PARSER_ERROR[x] -Spring Data Redis - Could not safely identify store assignment for repository candidate interface com.bridgelabz.fundookeep.repository.LabelRepository. If you want this repository to be a Redis repository, consider annotating your entities with one of these annotations: org.springframework.data.redis.core.RedisHash (preferred), or consider extending one of the following types with your repository: org.springframework.data.keyvalue.repository.KeyValueRepository.
2020-06-29 11:01:26 [main] INFO  org.springframework.data.repository.config.RepositoryConfigurationExtensionSupport %PARSER_ERROR[x] -Spring Data Redis - Could not safely identify store assignment for repository candidate interface com.bridgelabz.fundookeep.repository.NoteRepository. If you want this repository to be a Redis repository, consider annotating your entities with one of these annotations: org.springframework.data.redis.core.RedisHash (preferred), or consider extending one of the following types with your repository: org.springframework.data.keyvalue.repository.KeyValueRepository.
2020-06-29 11:01:26 [main] INFO  org.springframework.data.repository.config.RepositoryConfigurationExtensionSupport %PARSER_ERROR[x] -Spring Data Redis - Could not safely identify store assignment for repository candidate interface com.bridgelabz.fundookeep.repository.UserRepository. If you want this repository to be a Redis repository, consider annotating your entities with one of these annotations: org.springframework.data.redis.core.RedisHash (preferred), or consider extending one of the following types with your repository: org.springframework.data.keyvalue.repository.KeyValueRepository.
2020-06-29 11:01:26 [main] INFO  org.springframework.data.repository.config.RepositoryConfigurationDelegate %PARSER_ERROR[x] -Finished Spring Data repository scanning in 18ms. Found 0 Redis repository interfaces.
2020-06-29 11:01:26 [main] ERROR org.springframework.boot.SpringApplication %PARSER_ERROR[x] -Application run failed
java.lang.IllegalStateException: Unable to load cache item
	at org.springframework.cglib.core.internal.LoadingCache.createEntry(LoadingCache.java:79)
	at org.springframework.cglib.core.internal.LoadingCache.get(LoadingCache.java:34)
	at org.springframework.cglib.core.AbstractClassGenerator$ClassLoaderData.get(AbstractClassGenerator.java:134)
	at org.springframework.cglib.core.AbstractClassGenerator.create(AbstractClassGenerator.java:319)
	at org.springframework.cglib.proxy.Enhancer.createHelper(Enhancer.java:569)
	at org.springframework.cglib.proxy.Enhancer.createClass(Enhancer.java:416)
	at org.springframework.context.annotation.ConfigurationClassEnhancer.createClass(ConfigurationClassEnhancer.java:137)
	at org.springframework.context.annotation.ConfigurationClassEnhancer.enhance(ConfigurationClassEnhancer.java:109)
	at org.springframework.context.annotation.ConfigurationClassPostProcessor.enhanceConfigurationClasses(ConfigurationClassPostProcessor.java:423)
	at org.springframework.context.annotation.ConfigurationClassPostProcessor.postProcessBeanFactory(ConfigurationClassPostProcessor.java:257)
	at org.springframework.context.support.PostProcessorRegistrationDelegate.invokeBeanFactoryPostProcessors(PostProcessorRegistrationDelegate.java:286)
	at org.springframework.context.support.PostProcessorRegistrationDelegate.invokeBeanFactoryPostProcessors(PostProcessorRegistrationDelegate.java:130)
	at org.springframework.context.support.AbstractApplicationContext.invokeBeanFactoryPostProcessors(AbstractApplicationContext.java:706)
	at org.springframework.context.support.AbstractApplicationContext.refresh(AbstractApplicationContext.java:532)
	at org.springframework.boot.web.servlet.context.ServletWebServerApplicationContext.refresh(ServletWebServerApplicationContext.java:141)
	at org.springframework.boot.SpringApplication.refresh(SpringApplication.java:747)
	at org.springframework.boot.SpringApplication.refreshContext(SpringApplication.java:397)
	at org.springframework.boot.SpringApplication.run(SpringApplication.java:315)
	at org.springframework.boot.SpringApplication.run(SpringApplication.java:1226)
	at org.springframework.boot.SpringApplication.run(SpringApplication.java:1215)
	at com.bridgelabz.fundookeep.FundooKeepApplication.main(FundooKeepApplication.java:26)
Caused by: java.lang.ExceptionInInitializerError: null
	at java.lang.Class.forName0(Native Method)
	at java.lang.Class.forName(Class.java:348)
	at org.springframework.cglib.core.ReflectUtils.defineClass(ReflectUtils.java:571)
	at org.springframework.cglib.core.AbstractClassGenerator.generate(AbstractClassGenerator.java:363)
	at org.springframework.cglib.proxy.Enhancer.generate(Enhancer.java:582)
	at org.springframework.cglib.core.AbstractClassGenerator$ClassLoaderData$3.apply(AbstractClassGenerator.java:110)
	at org.springframework.cglib.core.AbstractClassGenerator$ClassLoaderData$3.apply(AbstractClassGenerator.java:108)
	at org.springframework.cglib.core.internal.LoadingCache$2.call(LoadingCache.java:54)
	at java.util.concurrent.FutureTask.run(FutureTask.java:266)
	at org.springframework.cglib.core.internal.LoadingCache.createEntry(LoadingCache.java:61)
	... 20 common frames omitted
Caused by: com.twilio.exception.AuthenticationException: Username can not be null
	at com.twilio.Twilio.setUsername(Twilio.java:80)
	at com.twilio.Twilio.init(Twilio.java:55)
	at com.bridgelabz.fundookeep.config.TwilioConfig.<clinit>(TwilioConfig.java:19)
	... 30 common frames omitted
2020-06-29 11:04:25 [main] INFO  org.springframework.boot.StartupInfoLogger %PARSER_ERROR[x] -Starting FundooKeepApplication on DESKTOP-VJE8VFV with PID 35808 (F:\Programs\book\fundoo-keep\target\classes started by root in F:\Programs\book\fundoo-keep)
2020-06-29 11:04:25 [main] DEBUG org.springframework.boot.StartupInfoLogger %PARSER_ERROR[x] -Running with Spring Boot v2.2.5.RELEASE, Spring v5.2.4.RELEASE
2020-06-29 11:04:25 [main] INFO  org.springframework.boot.SpringApplication %PARSER_ERROR[x] -The following profiles are active: dev
2020-06-29 11:04:26 [main] INFO  org.springframework.data.repository.config.RepositoryConfigurationDelegate %PARSER_ERROR[x] -Multiple Spring Data modules found, entering strict repository configuration mode!
2020-06-29 11:04:26 [main] INFO  org.springframework.data.repository.config.RepositoryConfigurationDelegate %PARSER_ERROR[x] -Bootstrapping Spring Data JPA repositories in DEFAULT mode.
2020-06-29 11:04:26 [main] INFO  org.springframework.data.repository.config.RepositoryConfigurationDelegate %PARSER_ERROR[x] -Finished Spring Data repository scanning in 93ms. Found 4 JPA repository interfaces.
2020-06-29 11:04:26 [main] INFO  org.springframework.data.repository.config.RepositoryConfigurationDelegate %PARSER_ERROR[x] -Multiple Spring Data modules found, entering strict repository configuration mode!
2020-06-29 11:04:26 [main] INFO  org.springframework.data.repository.config.RepositoryConfigurationDelegate %PARSER_ERROR[x] -Bootstrapping Spring Data Redis repositories in DEFAULT mode.
2020-06-29 11:04:26 [main] INFO  org.springframework.data.repository.config.RepositoryConfigurationExtensionSupport %PARSER_ERROR[x] -Spring Data Redis - Could not safely identify store assignment for repository candidate interface com.bridgelabz.fundookeep.repository.CollaboratorRepository. If you want this repository to be a Redis repository, consider annotating your entities with one of these annotations: org.springframework.data.redis.core.RedisHash (preferred), or consider extending one of the following types with your repository: org.springframework.data.keyvalue.repository.KeyValueRepository.
2020-06-29 11:04:26 [main] INFO  org.springframework.data.repository.config.RepositoryConfigurationExtensionSupport %PARSER_ERROR[x] -Spring Data Redis - Could not safely identify store assignment for repository candidate interface com.bridgelabz.fundookeep.repository.LabelRepository. If you want this repository to be a Redis repository, consider annotating your entities with one of these annotations: org.springframework.data.redis.core.RedisHash (preferred), or consider extending one of the following types with your repository: org.springframework.data.keyvalue.repository.KeyValueRepository.
2020-06-29 11:04:26 [main] INFO  org.springframework.data.repository.config.RepositoryConfigurationExtensionSupport %PARSER_ERROR[x] -Spring Data Redis - Could not safely identify store assignment for repository candidate interface com.bridgelabz.fundookeep.repository.NoteRepository. If you want this repository to be a Redis repository, consider annotating your entities with one of these annotations: org.springframework.data.redis.core.RedisHash (preferred), or consider extending one of the following types with your repository: org.springframework.data.keyvalue.repository.KeyValueRepository.
2020-06-29 11:04:26 [main] INFO  org.springframework.data.repository.config.RepositoryConfigurationExtensionSupport %PARSER_ERROR[x] -Spring Data Redis - Could not safely identify store assignment for repository candidate interface com.bridgelabz.fundookeep.repository.UserRepository. If you want this repository to be a Redis repository, consider annotating your entities with one of these annotations: org.springframework.data.redis.core.RedisHash (preferred), or consider extending one of the following types with your repository: org.springframework.data.keyvalue.repository.KeyValueRepository.
2020-06-29 11:04:26 [main] INFO  org.springframework.data.repository.config.RepositoryConfigurationDelegate %PARSER_ERROR[x] -Finished Spring Data repository scanning in 18ms. Found 0 Redis repository interfaces.
2020-06-29 11:04:27 [main] ERROR org.springframework.boot.SpringApplication %PARSER_ERROR[x] -Application run failed
java.lang.IllegalStateException: Unable to load cache item
	at org.springframework.cglib.core.internal.LoadingCache.createEntry(LoadingCache.java:79)
	at org.springframework.cglib.core.internal.LoadingCache.get(LoadingCache.java:34)
	at org.springframework.cglib.core.AbstractClassGenerator$ClassLoaderData.get(AbstractClassGenerator.java:134)
	at org.springframework.cglib.core.AbstractClassGenerator.create(AbstractClassGenerator.java:319)
	at org.springframework.cglib.proxy.Enhancer.createHelper(Enhancer.java:569)
	at org.springframework.cglib.proxy.Enhancer.createClass(Enhancer.java:416)
	at org.springframework.context.annotation.ConfigurationClassEnhancer.createClass(ConfigurationClassEnhancer.java:137)
	at org.springframework.context.annotation.ConfigurationClassEnhancer.enhance(ConfigurationClassEnhancer.java:109)
	at org.springframework.context.annotation.ConfigurationClassPostProcessor.enhanceConfigurationClasses(ConfigurationClassPostProcessor.java:423)
	at org.springframework.context.annotation.ConfigurationClassPostProcessor.postProcessBeanFactory(ConfigurationClassPostProcessor.java:257)
	at org.springframework.context.support.PostProcessorRegistrationDelegate.invokeBeanFactoryPostProcessors(PostProcessorRegistrationDelegate.java:286)
	at org.springframework.context.support.PostProcessorRegistrationDelegate.invokeBeanFactoryPostProcessors(PostProcessorRegistrationDelegate.java:130)
	at org.springframework.context.support.AbstractApplicationContext.invokeBeanFactoryPostProcessors(AbstractApplicationContext.java:706)
	at org.springframework.context.support.AbstractApplicationContext.refresh(AbstractApplicationContext.java:532)
	at org.springframework.boot.web.servlet.context.ServletWebServerApplicationContext.refresh(ServletWebServerApplicationContext.java:141)
	at org.springframework.boot.SpringApplication.refresh(SpringApplication.java:747)
	at org.springframework.boot.SpringApplication.refreshContext(SpringApplication.java:397)
	at org.springframework.boot.SpringApplication.run(SpringApplication.java:315)
	at org.springframework.boot.SpringApplication.run(SpringApplication.java:1226)
	at org.springframework.boot.SpringApplication.run(SpringApplication.java:1215)
	at com.bridgelabz.fundookeep.FundooKeepApplication.main(FundooKeepApplication.java:26)
Caused by: java.lang.ExceptionInInitializerError: null
	at java.lang.Class.forName0(Native Method)
	at java.lang.Class.forName(Class.java:348)
	at org.springframework.cglib.core.ReflectUtils.defineClass(ReflectUtils.java:571)
	at org.springframework.cglib.core.AbstractClassGenerator.generate(AbstractClassGenerator.java:363)
	at org.springframework.cglib.proxy.Enhancer.generate(Enhancer.java:582)
	at org.springframework.cglib.core.AbstractClassGenerator$ClassLoaderData$3.apply(AbstractClassGenerator.java:110)
	at org.springframework.cglib.core.AbstractClassGenerator$ClassLoaderData$3.apply(AbstractClassGenerator.java:108)
	at org.springframework.cglib.core.internal.LoadingCache$2.call(LoadingCache.java:54)
	at java.util.concurrent.FutureTask.run(FutureTask.java:266)
	at org.springframework.cglib.core.internal.LoadingCache.createEntry(LoadingCache.java:61)
	... 20 common frames omitted
Caused by: com.twilio.exception.AuthenticationException: Username can not be null
	at com.twilio.Twilio.setUsername(Twilio.java:80)
	at com.twilio.Twilio.init(Twilio.java:55)
	at com.bridgelabz.fundookeep.config.TwilioConfig.<clinit>(TwilioConfig.java:19)
	... 30 common frames omitted
2020-06-29 11:05:39 [main] INFO  org.springframework.boot.StartupInfoLogger %PARSER_ERROR[x] -Starting FundooKeepApplication on DESKTOP-VJE8VFV with PID 16120 (F:\Programs\book\fundoo-keep\target\classes started by root in F:\Programs\book\fundoo-keep)
2020-06-29 11:05:39 [main] DEBUG org.springframework.boot.StartupInfoLogger %PARSER_ERROR[x] -Running with Spring Boot v2.2.5.RELEASE, Spring v5.2.4.RELEASE
2020-06-29 11:05:39 [main] INFO  org.springframework.boot.SpringApplication %PARSER_ERROR[x] -The following profiles are active: dev
2020-06-29 11:05:40 [main] INFO  org.springframework.data.repository.config.RepositoryConfigurationDelegate %PARSER_ERROR[x] -Multiple Spring Data modules found, entering strict repository configuration mode!
2020-06-29 11:05:40 [main] INFO  org.springframework.data.repository.config.RepositoryConfigurationDelegate %PARSER_ERROR[x] -Bootstrapping Spring Data JPA repositories in DEFAULT mode.
2020-06-29 11:05:40 [main] INFO  org.springframework.data.repository.config.RepositoryConfigurationDelegate %PARSER_ERROR[x] -Finished Spring Data repository scanning in 111ms. Found 4 JPA repository interfaces.
2020-06-29 11:05:40 [main] INFO  org.springframework.data.repository.config.RepositoryConfigurationDelegate %PARSER_ERROR[x] -Multiple Spring Data modules found, entering strict repository configuration mode!
2020-06-29 11:05:40 [main] INFO  org.springframework.data.repository.config.RepositoryConfigurationDelegate %PARSER_ERROR[x] -Bootstrapping Spring Data Redis repositories in DEFAULT mode.
2020-06-29 11:05:41 [main] INFO  org.springframework.data.repository.config.RepositoryConfigurationExtensionSupport %PARSER_ERROR[x] -Spring Data Redis - Could not safely identify store assignment for repository candidate interface com.bridgelabz.fundookeep.repository.CollaboratorRepository. If you want this repository to be a Redis repository, consider annotating your entities with one of these annotations: org.springframework.data.redis.core.RedisHash (preferred), or consider extending one of the following types with your repository: org.springframework.data.keyvalue.repository.KeyValueRepository.
2020-06-29 11:05:41 [main] INFO  org.springframework.data.repository.config.RepositoryConfigurationExtensionSupport %PARSER_ERROR[x] -Spring Data Redis - Could not safely identify store assignment for repository candidate interface com.bridgelabz.fundookeep.repository.LabelRepository. If you want this repository to be a Redis repository, consider annotating your entities with one of these annotations: org.springframework.data.redis.core.RedisHash (preferred), or consider extending one of the following types with your repository: org.springframework.data.keyvalue.repository.KeyValueRepository.
2020-06-29 11:05:41 [main] INFO  org.springframework.data.repository.config.RepositoryConfigurationExtensionSupport %PARSER_ERROR[x] -Spring Data Redis - Could not safely identify store assignment for repository candidate interface com.bridgelabz.fundookeep.repository.NoteRepository. If you want this repository to be a Redis repository, consider annotating your entities with one of these annotations: org.springframework.data.redis.core.RedisHash (preferred), or consider extending one of the following types with your repository: org.springframework.data.keyvalue.repository.KeyValueRepository.
2020-06-29 11:05:41 [main] INFO  org.springframework.data.repository.config.RepositoryConfigurationExtensionSupport %PARSER_ERROR[x] -Spring Data Redis - Could not safely identify store assignment for repository candidate interface com.bridgelabz.fundookeep.repository.UserRepository. If you want this repository to be a Redis repository, consider annotating your entities with one of these annotations: org.springframework.data.redis.core.RedisHash (preferred), or consider extending one of the following types with your repository: org.springframework.data.keyvalue.repository.KeyValueRepository.
2020-06-29 11:05:41 [main] INFO  org.springframework.data.repository.config.RepositoryConfigurationDelegate %PARSER_ERROR[x] -Finished Spring Data repository scanning in 17ms. Found 0 Redis repository interfaces.
2020-06-29 11:05:41 [main] ERROR org.springframework.boot.SpringApplication %PARSER_ERROR[x] -Application run failed
java.lang.IllegalStateException: Unable to load cache item
	at org.springframework.cglib.core.internal.LoadingCache.createEntry(LoadingCache.java:79)
	at org.springframework.cglib.core.internal.LoadingCache.get(LoadingCache.java:34)
	at org.springframework.cglib.core.AbstractClassGenerator$ClassLoaderData.get(AbstractClassGenerator.java:134)
	at org.springframework.cglib.core.AbstractClassGenerator.create(AbstractClassGenerator.java:319)
	at org.springframework.cglib.proxy.Enhancer.createHelper(Enhancer.java:569)
	at org.springframework.cglib.proxy.Enhancer.createClass(Enhancer.java:416)
	at org.springframework.context.annotation.ConfigurationClassEnhancer.createClass(ConfigurationClassEnhancer.java:137)
	at org.springframework.context.annotation.ConfigurationClassEnhancer.enhance(ConfigurationClassEnhancer.java:109)
	at org.springframework.context.annotation.ConfigurationClassPostProcessor.enhanceConfigurationClasses(ConfigurationClassPostProcessor.java:423)
	at org.springframework.context.annotation.ConfigurationClassPostProcessor.postProcessBeanFactory(ConfigurationClassPostProcessor.java:257)
	at org.springframework.context.support.PostProcessorRegistrationDelegate.invokeBeanFactoryPostProcessors(PostProcessorRegistrationDelegate.java:286)
	at org.springframework.context.support.PostProcessorRegistrationDelegate.invokeBeanFactoryPostProcessors(PostProcessorRegistrationDelegate.java:130)
	at org.springframework.context.support.AbstractApplicationContext.invokeBeanFactoryPostProcessors(AbstractApplicationContext.java:706)
	at org.springframework.context.support.AbstractApplicationContext.refresh(AbstractApplicationContext.java:532)
	at org.springframework.boot.web.servlet.context.ServletWebServerApplicationContext.refresh(ServletWebServerApplicationContext.java:141)
	at org.springframework.boot.SpringApplication.refresh(SpringApplication.java:747)
	at org.springframework.boot.SpringApplication.refreshContext(SpringApplication.java:397)
	at org.springframework.boot.SpringApplication.run(SpringApplication.java:315)
	at org.springframework.boot.SpringApplication.run(SpringApplication.java:1226)
	at org.springframework.boot.SpringApplication.run(SpringApplication.java:1215)
	at com.bridgelabz.fundookeep.FundooKeepApplication.main(FundooKeepApplication.java:26)
Caused by: java.lang.ExceptionInInitializerError: null
	at java.lang.Class.forName0(Native Method)
	at java.lang.Class.forName(Class.java:348)
	at org.springframework.cglib.core.ReflectUtils.defineClass(ReflectUtils.java:571)
	at org.springframework.cglib.core.AbstractClassGenerator.generate(AbstractClassGenerator.java:363)
	at org.springframework.cglib.proxy.Enhancer.generate(Enhancer.java:582)
	at org.springframework.cglib.core.AbstractClassGenerator$ClassLoaderData$3.apply(AbstractClassGenerator.java:110)
	at org.springframework.cglib.core.AbstractClassGenerator$ClassLoaderData$3.apply(AbstractClassGenerator.java:108)
	at org.springframework.cglib.core.internal.LoadingCache$2.call(LoadingCache.java:54)
	at java.util.concurrent.FutureTask.run(FutureTask.java:266)
	at org.springframework.cglib.core.internal.LoadingCache.createEntry(LoadingCache.java:61)
	... 20 common frames omitted
Caused by: com.twilio.exception.AuthenticationException: Username can not be null
	at com.twilio.Twilio.setUsername(Twilio.java:80)
	at com.twilio.Twilio.init(Twilio.java:55)
	at com.bridgelabz.fundookeep.config.TwilioConfig.<clinit>(TwilioConfig.java:19)
	... 30 common frames omitted
2020-06-29 11:06:21 [main] INFO  org.springframework.boot.StartupInfoLogger %PARSER_ERROR[x] -Starting FundooKeepApplication on DESKTOP-VJE8VFV with PID 32100 (F:\Programs\book\fundoo-keep\target\classes started by root in F:\Programs\book\fundoo-keep)
2020-06-29 11:06:21 [main] DEBUG org.springframework.boot.StartupInfoLogger %PARSER_ERROR[x] -Running with Spring Boot v2.2.5.RELEASE, Spring v5.2.4.RELEASE
2020-06-29 11:06:21 [main] INFO  org.springframework.boot.SpringApplication %PARSER_ERROR[x] -The following profiles are active: dev
2020-06-29 11:06:23 [main] INFO  org.springframework.data.repository.config.RepositoryConfigurationDelegate %PARSER_ERROR[x] -Multiple Spring Data modules found, entering strict repository configuration mode!
2020-06-29 11:06:23 [main] INFO  org.springframework.data.repository.config.RepositoryConfigurationDelegate %PARSER_ERROR[x] -Bootstrapping Spring Data JPA repositories in DEFAULT mode.
2020-06-29 11:06:23 [main] INFO  org.springframework.data.repository.config.RepositoryConfigurationDelegate %PARSER_ERROR[x] -Finished Spring Data repository scanning in 116ms. Found 4 JPA repository interfaces.
2020-06-29 11:06:23 [main] INFO  org.springframework.data.repository.config.RepositoryConfigurationDelegate %PARSER_ERROR[x] -Multiple Spring Data modules found, entering strict repository configuration mode!
2020-06-29 11:06:23 [main] INFO  org.springframework.data.repository.config.RepositoryConfigurationDelegate %PARSER_ERROR[x] -Bootstrapping Spring Data Redis repositories in DEFAULT mode.
2020-06-29 11:06:23 [main] INFO  org.springframework.data.repository.config.RepositoryConfigurationExtensionSupport %PARSER_ERROR[x] -Spring Data Redis - Could not safely identify store assignment for repository candidate interface com.bridgelabz.fundookeep.repository.CollaboratorRepository. If you want this repository to be a Redis repository, consider annotating your entities with one of these annotations: org.springframework.data.redis.core.RedisHash (preferred), or consider extending one of the following types with your repository: org.springframework.data.keyvalue.repository.KeyValueRepository.
2020-06-29 11:06:23 [main] INFO  org.springframework.data.repository.config.RepositoryConfigurationExtensionSupport %PARSER_ERROR[x] -Spring Data Redis - Could not safely identify store assignment for repository candidate interface com.bridgelabz.fundookeep.repository.LabelRepository. If you want this repository to be a Redis repository, consider annotating your entities with one of these annotations: org.springframework.data.redis.core.RedisHash (preferred), or consider extending one of the following types with your repository: org.springframework.data.keyvalue.repository.KeyValueRepository.
2020-06-29 11:06:23 [main] INFO  org.springframework.data.repository.config.RepositoryConfigurationExtensionSupport %PARSER_ERROR[x] -Spring Data Redis - Could not safely identify store assignment for repository candidate interface com.bridgelabz.fundookeep.repository.NoteRepository. If you want this repository to be a Redis repository, consider annotating your entities with one of these annotations: org.springframework.data.redis.core.RedisHash (preferred), or consider extending one of the following types with your repository: org.springframework.data.keyvalue.repository.KeyValueRepository.
2020-06-29 11:06:23 [main] INFO  org.springframework.data.repository.config.RepositoryConfigurationExtensionSupport %PARSER_ERROR[x] -Spring Data Redis - Could not safely identify store assignment for repository candidate interface com.bridgelabz.fundookeep.repository.UserRepository. If you want this repository to be a Redis repository, consider annotating your entities with one of these annotations: org.springframework.data.redis.core.RedisHash (preferred), or consider extending one of the following types with your repository: org.springframework.data.keyvalue.repository.KeyValueRepository.
2020-06-29 11:06:23 [main] INFO  org.springframework.data.repository.config.RepositoryConfigurationDelegate %PARSER_ERROR[x] -Finished Spring Data repository scanning in 13ms. Found 0 Redis repository interfaces.
2020-06-29 11:06:23 [main] ERROR org.springframework.boot.SpringApplication %PARSER_ERROR[x] -Application run failed
java.lang.IllegalStateException: Unable to load cache item
	at org.springframework.cglib.core.internal.LoadingCache.createEntry(LoadingCache.java:79)
	at org.springframework.cglib.core.internal.LoadingCache.get(LoadingCache.java:34)
	at org.springframework.cglib.core.AbstractClassGenerator$ClassLoaderData.get(AbstractClassGenerator.java:134)
	at org.springframework.cglib.core.AbstractClassGenerator.create(AbstractClassGenerator.java:319)
	at org.springframework.cglib.proxy.Enhancer.createHelper(Enhancer.java:569)
	at org.springframework.cglib.proxy.Enhancer.createClass(Enhancer.java:416)
	at org.springframework.context.annotation.ConfigurationClassEnhancer.createClass(ConfigurationClassEnhancer.java:137)
	at org.springframework.context.annotation.ConfigurationClassEnhancer.enhance(ConfigurationClassEnhancer.java:109)
	at org.springframework.context.annotation.ConfigurationClassPostProcessor.enhanceConfigurationClasses(ConfigurationClassPostProcessor.java:423)
	at org.springframework.context.annotation.ConfigurationClassPostProcessor.postProcessBeanFactory(ConfigurationClassPostProcessor.java:257)
	at org.springframework.context.support.PostProcessorRegistrationDelegate.invokeBeanFactoryPostProcessors(PostProcessorRegistrationDelegate.java:286)
	at org.springframework.context.support.PostProcessorRegistrationDelegate.invokeBeanFactoryPostProcessors(PostProcessorRegistrationDelegate.java:130)
	at org.springframework.context.support.AbstractApplicationContext.invokeBeanFactoryPostProcessors(AbstractApplicationContext.java:706)
	at org.springframework.context.support.AbstractApplicationContext.refresh(AbstractApplicationContext.java:532)
	at org.springframework.boot.web.servlet.context.ServletWebServerApplicationContext.refresh(ServletWebServerApplicationContext.java:141)
	at org.springframework.boot.SpringApplication.refresh(SpringApplication.java:747)
	at org.springframework.boot.SpringApplication.refreshContext(SpringApplication.java:397)
	at org.springframework.boot.SpringApplication.run(SpringApplication.java:315)
	at org.springframework.boot.SpringApplication.run(SpringApplication.java:1226)
	at org.springframework.boot.SpringApplication.run(SpringApplication.java:1215)
	at com.bridgelabz.fundookeep.FundooKeepApplication.main(FundooKeepApplication.java:26)
Caused by: java.lang.ExceptionInInitializerError: null
	at java.lang.Class.forName0(Native Method)
	at java.lang.Class.forName(Class.java:348)
	at org.springframework.cglib.core.ReflectUtils.defineClass(ReflectUtils.java:571)
	at org.springframework.cglib.core.AbstractClassGenerator.generate(AbstractClassGenerator.java:363)
	at org.springframework.cglib.proxy.Enhancer.generate(Enhancer.java:582)
	at org.springframework.cglib.core.AbstractClassGenerator$ClassLoaderData$3.apply(AbstractClassGenerator.java:110)
	at org.springframework.cglib.core.AbstractClassGenerator$ClassLoaderData$3.apply(AbstractClassGenerator.java:108)
	at org.springframework.cglib.core.internal.LoadingCache$2.call(LoadingCache.java:54)
	at java.util.concurrent.FutureTask.run(FutureTask.java:266)
	at org.springframework.cglib.core.internal.LoadingCache.createEntry(LoadingCache.java:61)
	... 20 common frames omitted
Caused by: com.twilio.exception.AuthenticationException: Username can not be null
	at com.twilio.Twilio.setUsername(Twilio.java:80)
	at com.twilio.Twilio.init(Twilio.java:55)
	at com.bridgelabz.fundookeep.config.TwilioConfig.<clinit>(TwilioConfig.java:19)
	... 30 common frames omitted
2020-06-29 11:07:44 [main] INFO  org.springframework.boot.StartupInfoLogger %PARSER_ERROR[x] -Starting FundooKeepApplication on DESKTOP-VJE8VFV with PID 32192 (F:\Programs\book\fundoo-keep\target\classes started by root in F:\Programs\book\fundoo-keep)
2020-06-29 11:07:44 [main] DEBUG org.springframework.boot.StartupInfoLogger %PARSER_ERROR[x] -Running with Spring Boot v2.2.5.RELEASE, Spring v5.2.4.RELEASE
2020-06-29 11:07:44 [main] INFO  org.springframework.boot.SpringApplication %PARSER_ERROR[x] -The following profiles are active: dev
2020-06-29 11:07:45 [main] INFO  org.springframework.data.repository.config.RepositoryConfigurationDelegate %PARSER_ERROR[x] -Multiple Spring Data modules found, entering strict repository configuration mode!
2020-06-29 11:07:45 [main] INFO  org.springframework.data.repository.config.RepositoryConfigurationDelegate %PARSER_ERROR[x] -Bootstrapping Spring Data JPA repositories in DEFAULT mode.
2020-06-29 11:07:45 [main] INFO  org.springframework.data.repository.config.RepositoryConfigurationDelegate %PARSER_ERROR[x] -Finished Spring Data repository scanning in 97ms. Found 4 JPA repository interfaces.
2020-06-29 11:07:45 [main] INFO  org.springframework.data.repository.config.RepositoryConfigurationDelegate %PARSER_ERROR[x] -Multiple Spring Data modules found, entering strict repository configuration mode!
2020-06-29 11:07:45 [main] INFO  org.springframework.data.repository.config.RepositoryConfigurationDelegate %PARSER_ERROR[x] -Bootstrapping Spring Data Redis repositories in DEFAULT mode.
2020-06-29 11:07:45 [main] INFO  org.springframework.data.repository.config.RepositoryConfigurationExtensionSupport %PARSER_ERROR[x] -Spring Data Redis - Could not safely identify store assignment for repository candidate interface com.bridgelabz.fundookeep.repository.CollaboratorRepository. If you want this repository to be a Redis repository, consider annotating your entities with one of these annotations: org.springframework.data.redis.core.RedisHash (preferred), or consider extending one of the following types with your repository: org.springframework.data.keyvalue.repository.KeyValueRepository.
2020-06-29 11:07:45 [main] INFO  org.springframework.data.repository.config.RepositoryConfigurationExtensionSupport %PARSER_ERROR[x] -Spring Data Redis - Could not safely identify store assignment for repository candidate interface com.bridgelabz.fundookeep.repository.LabelRepository. If you want this repository to be a Redis repository, consider annotating your entities with one of these annotations: org.springframework.data.redis.core.RedisHash (preferred), or consider extending one of the following types with your repository: org.springframework.data.keyvalue.repository.KeyValueRepository.
2020-06-29 11:07:45 [main] INFO  org.springframework.data.repository.config.RepositoryConfigurationExtensionSupport %PARSER_ERROR[x] -Spring Data Redis - Could not safely identify store assignment for repository candidate interface com.bridgelabz.fundookeep.repository.NoteRepository. If you want this repository to be a Redis repository, consider annotating your entities with one of these annotations: org.springframework.data.redis.core.RedisHash (preferred), or consider extending one of the following types with your repository: org.springframework.data.keyvalue.repository.KeyValueRepository.
2020-06-29 11:07:45 [main] INFO  org.springframework.data.repository.config.RepositoryConfigurationExtensionSupport %PARSER_ERROR[x] -Spring Data Redis - Could not safely identify store assignment for repository candidate interface com.bridgelabz.fundookeep.repository.UserRepository. If you want this repository to be a Redis repository, consider annotating your entities with one of these annotations: org.springframework.data.redis.core.RedisHash (preferred), or consider extending one of the following types with your repository: org.springframework.data.keyvalue.repository.KeyValueRepository.
2020-06-29 11:07:45 [main] INFO  org.springframework.data.repository.config.RepositoryConfigurationDelegate %PARSER_ERROR[x] -Finished Spring Data repository scanning in 13ms. Found 0 Redis repository interfaces.
2020-06-29 11:07:46 [main] ERROR org.springframework.boot.SpringApplication %PARSER_ERROR[x] -Application run failed
java.lang.IllegalStateException: Unable to load cache item
	at org.springframework.cglib.core.internal.LoadingCache.createEntry(LoadingCache.java:79)
	at org.springframework.cglib.core.internal.LoadingCache.get(LoadingCache.java:34)
	at org.springframework.cglib.core.AbstractClassGenerator$ClassLoaderData.get(AbstractClassGenerator.java:134)
	at org.springframework.cglib.core.AbstractClassGenerator.create(AbstractClassGenerator.java:319)
	at org.springframework.cglib.proxy.Enhancer.createHelper(Enhancer.java:569)
	at org.springframework.cglib.proxy.Enhancer.createClass(Enhancer.java:416)
	at org.springframework.context.annotation.ConfigurationClassEnhancer.createClass(ConfigurationClassEnhancer.java:137)
	at org.springframework.context.annotation.ConfigurationClassEnhancer.enhance(ConfigurationClassEnhancer.java:109)
	at org.springframework.context.annotation.ConfigurationClassPostProcessor.enhanceConfigurationClasses(ConfigurationClassPostProcessor.java:423)
	at org.springframework.context.annotation.ConfigurationClassPostProcessor.postProcessBeanFactory(ConfigurationClassPostProcessor.java:257)
	at org.springframework.context.support.PostProcessorRegistrationDelegate.invokeBeanFactoryPostProcessors(PostProcessorRegistrationDelegate.java:286)
	at org.springframework.context.support.PostProcessorRegistrationDelegate.invokeBeanFactoryPostProcessors(PostProcessorRegistrationDelegate.java:130)
	at org.springframework.context.support.AbstractApplicationContext.invokeBeanFactoryPostProcessors(AbstractApplicationContext.java:706)
	at org.springframework.context.support.AbstractApplicationContext.refresh(AbstractApplicationContext.java:532)
	at org.springframework.boot.web.servlet.context.ServletWebServerApplicationContext.refresh(ServletWebServerApplicationContext.java:141)
	at org.springframework.boot.SpringApplication.refresh(SpringApplication.java:747)
	at org.springframework.boot.SpringApplication.refreshContext(SpringApplication.java:397)
	at org.springframework.boot.SpringApplication.run(SpringApplication.java:315)
	at org.springframework.boot.SpringApplication.run(SpringApplication.java:1226)
	at org.springframework.boot.SpringApplication.run(SpringApplication.java:1215)
	at com.bridgelabz.fundookeep.FundooKeepApplication.main(FundooKeepApplication.java:26)
Caused by: java.lang.ExceptionInInitializerError: null
	at java.lang.Class.forName0(Native Method)
	at java.lang.Class.forName(Class.java:348)
	at org.springframework.cglib.core.ReflectUtils.defineClass(ReflectUtils.java:571)
	at org.springframework.cglib.core.AbstractClassGenerator.generate(AbstractClassGenerator.java:363)
	at org.springframework.cglib.proxy.Enhancer.generate(Enhancer.java:582)
	at org.springframework.cglib.core.AbstractClassGenerator$ClassLoaderData$3.apply(AbstractClassGenerator.java:110)
	at org.springframework.cglib.core.AbstractClassGenerator$ClassLoaderData$3.apply(AbstractClassGenerator.java:108)
	at org.springframework.cglib.core.internal.LoadingCache$2.call(LoadingCache.java:54)
	at java.util.concurrent.FutureTask.run(FutureTask.java:266)
	at org.springframework.cglib.core.internal.LoadingCache.createEntry(LoadingCache.java:61)
	... 20 common frames omitted
Caused by: com.twilio.exception.AuthenticationException: Username can not be null
	at com.twilio.Twilio.setUsername(Twilio.java:80)
	at com.twilio.Twilio.init(Twilio.java:55)
	at com.bridgelabz.fundookeep.config.TwilioConfig.<clinit>(TwilioConfig.java:19)
	... 30 common frames omitted
2020-06-29 11:30:05 [main] INFO  org.springframework.boot.StartupInfoLogger %PARSER_ERROR[x] -Starting FundooKeepApplication on DESKTOP-VJE8VFV with PID 3852 (F:\Programs\book\fundoo-keep\target\classes started by root in F:\Programs\book\fundoo-keep)
2020-06-29 11:30:05 [main] DEBUG org.springframework.boot.StartupInfoLogger %PARSER_ERROR[x] -Running with Spring Boot v2.2.5.RELEASE, Spring v5.2.4.RELEASE
2020-06-29 11:30:05 [main] INFO  org.springframework.boot.SpringApplication %PARSER_ERROR[x] -The following profiles are active: dev
2020-06-29 11:30:07 [main] INFO  org.springframework.data.repository.config.RepositoryConfigurationDelegate %PARSER_ERROR[x] -Multiple Spring Data modules found, entering strict repository configuration mode!
2020-06-29 11:30:07 [main] INFO  org.springframework.data.repository.config.RepositoryConfigurationDelegate %PARSER_ERROR[x] -Bootstrapping Spring Data JPA repositories in DEFAULT mode.
2020-06-29 11:30:07 [main] INFO  org.springframework.data.repository.config.RepositoryConfigurationDelegate %PARSER_ERROR[x] -Finished Spring Data repository scanning in 130ms. Found 4 JPA repository interfaces.
2020-06-29 11:30:07 [main] INFO  org.springframework.data.repository.config.RepositoryConfigurationDelegate %PARSER_ERROR[x] -Multiple Spring Data modules found, entering strict repository configuration mode!
2020-06-29 11:30:07 [main] INFO  org.springframework.data.repository.config.RepositoryConfigurationDelegate %PARSER_ERROR[x] -Bootstrapping Spring Data Redis repositories in DEFAULT mode.
2020-06-29 11:30:07 [main] INFO  org.springframework.data.repository.config.RepositoryConfigurationExtensionSupport %PARSER_ERROR[x] -Spring Data Redis - Could not safely identify store assignment for repository candidate interface com.bridgelabz.fundookeep.repository.CollaboratorRepository. If you want this repository to be a Redis repository, consider annotating your entities with one of these annotations: org.springframework.data.redis.core.RedisHash (preferred), or consider extending one of the following types with your repository: org.springframework.data.keyvalue.repository.KeyValueRepository.
2020-06-29 11:30:07 [main] INFO  org.springframework.data.repository.config.RepositoryConfigurationExtensionSupport %PARSER_ERROR[x] -Spring Data Redis - Could not safely identify store assignment for repository candidate interface com.bridgelabz.fundookeep.repository.LabelRepository. If you want this repository to be a Redis repository, consider annotating your entities with one of these annotations: org.springframework.data.redis.core.RedisHash (preferred), or consider extending one of the following types with your repository: org.springframework.data.keyvalue.repository.KeyValueRepository.
2020-06-29 11:30:07 [main] INFO  org.springframework.data.repository.config.RepositoryConfigurationExtensionSupport %PARSER_ERROR[x] -Spring Data Redis - Could not safely identify store assignment for repository candidate interface com.bridgelabz.fundookeep.repository.NoteRepository. If you want this repository to be a Redis repository, consider annotating your entities with one of these annotations: org.springframework.data.redis.core.RedisHash (preferred), or consider extending one of the following types with your repository: org.springframework.data.keyvalue.repository.KeyValueRepository.
2020-06-29 11:30:07 [main] INFO  org.springframework.data.repository.config.RepositoryConfigurationExtensionSupport %PARSER_ERROR[x] -Spring Data Redis - Could not safely identify store assignment for repository candidate interface com.bridgelabz.fundookeep.repository.UserRepository. If you want this repository to be a Redis repository, consider annotating your entities with one of these annotations: org.springframework.data.redis.core.RedisHash (preferred), or consider extending one of the following types with your repository: org.springframework.data.keyvalue.repository.KeyValueRepository.
2020-06-29 11:30:07 [main] INFO  org.springframework.data.repository.config.RepositoryConfigurationDelegate %PARSER_ERROR[x] -Finished Spring Data repository scanning in 17ms. Found 0 Redis repository interfaces.
2020-06-29 11:30:07 [main] ERROR org.springframework.boot.SpringApplication %PARSER_ERROR[x] -Application run failed
java.lang.IllegalStateException: Unable to load cache item
	at org.springframework.cglib.core.internal.LoadingCache.createEntry(LoadingCache.java:79)
	at org.springframework.cglib.core.internal.LoadingCache.get(LoadingCache.java:34)
	at org.springframework.cglib.core.AbstractClassGenerator$ClassLoaderData.get(AbstractClassGenerator.java:134)
	at org.springframework.cglib.core.AbstractClassGenerator.create(AbstractClassGenerator.java:319)
	at org.springframework.cglib.proxy.Enhancer.createHelper(Enhancer.java:569)
	at org.springframework.cglib.proxy.Enhancer.createClass(Enhancer.java:416)
	at org.springframework.context.annotation.ConfigurationClassEnhancer.createClass(ConfigurationClassEnhancer.java:137)
	at org.springframework.context.annotation.ConfigurationClassEnhancer.enhance(ConfigurationClassEnhancer.java:109)
	at org.springframework.context.annotation.ConfigurationClassPostProcessor.enhanceConfigurationClasses(ConfigurationClassPostProcessor.java:423)
	at org.springframework.context.annotation.ConfigurationClassPostProcessor.postProcessBeanFactory(ConfigurationClassPostProcessor.java:257)
	at org.springframework.context.support.PostProcessorRegistrationDelegate.invokeBeanFactoryPostProcessors(PostProcessorRegistrationDelegate.java:286)
	at org.springframework.context.support.PostProcessorRegistrationDelegate.invokeBeanFactoryPostProcessors(PostProcessorRegistrationDelegate.java:130)
	at org.springframework.context.support.AbstractApplicationContext.invokeBeanFactoryPostProcessors(AbstractApplicationContext.java:706)
	at org.springframework.context.support.AbstractApplicationContext.refresh(AbstractApplicationContext.java:532)
	at org.springframework.boot.web.servlet.context.ServletWebServerApplicationContext.refresh(ServletWebServerApplicationContext.java:141)
	at org.springframework.boot.SpringApplication.refresh(SpringApplication.java:747)
	at org.springframework.boot.SpringApplication.refreshContext(SpringApplication.java:397)
	at org.springframework.boot.SpringApplication.run(SpringApplication.java:315)
	at org.springframework.boot.SpringApplication.run(SpringApplication.java:1226)
	at org.springframework.boot.SpringApplication.run(SpringApplication.java:1215)
	at com.bridgelabz.fundookeep.FundooKeepApplication.main(FundooKeepApplication.java:18)
Caused by: java.lang.ExceptionInInitializerError: null
	at java.lang.Class.forName0(Native Method)
	at java.lang.Class.forName(Class.java:348)
	at org.springframework.cglib.core.ReflectUtils.defineClass(ReflectUtils.java:571)
	at org.springframework.cglib.core.AbstractClassGenerator.generate(AbstractClassGenerator.java:363)
	at org.springframework.cglib.proxy.Enhancer.generate(Enhancer.java:582)
	at org.springframework.cglib.core.AbstractClassGenerator$ClassLoaderData$3.apply(AbstractClassGenerator.java:110)
	at org.springframework.cglib.core.AbstractClassGenerator$ClassLoaderData$3.apply(AbstractClassGenerator.java:108)
	at org.springframework.cglib.core.internal.LoadingCache$2.call(LoadingCache.java:54)
	at java.util.concurrent.FutureTask.run(FutureTask.java:266)
	at org.springframework.cglib.core.internal.LoadingCache.createEntry(LoadingCache.java:61)
	... 20 common frames omitted
Caused by: com.twilio.exception.AuthenticationException: Username can not be null
	at com.twilio.Twilio.setUsername(Twilio.java:80)
	at com.twilio.Twilio.init(Twilio.java:55)
	at com.bridgelabz.fundookeep.config.TwilioConfig.<clinit>(TwilioConfig.java:18)
	... 30 common frames omitted
2020-06-29 11:31:43 [main] INFO  org.springframework.boot.StartupInfoLogger %PARSER_ERROR[x] -Starting FundooKeepApplication on DESKTOP-VJE8VFV with PID 32324 (F:\Programs\book\fundoo-keep\target\classes started by root in F:\Programs\book\fundoo-keep)
2020-06-29 11:31:43 [main] DEBUG org.springframework.boot.StartupInfoLogger %PARSER_ERROR[x] -Running with Spring Boot v2.2.5.RELEASE, Spring v5.2.4.RELEASE
2020-06-29 11:31:43 [main] INFO  org.springframework.boot.SpringApplication %PARSER_ERROR[x] -The following profiles are active: dev
2020-06-29 11:31:45 [main] INFO  org.springframework.data.repository.config.RepositoryConfigurationDelegate %PARSER_ERROR[x] -Multiple Spring Data modules found, entering strict repository configuration mode!
2020-06-29 11:31:45 [main] INFO  org.springframework.data.repository.config.RepositoryConfigurationDelegate %PARSER_ERROR[x] -Bootstrapping Spring Data JPA repositories in DEFAULT mode.
2020-06-29 11:31:45 [main] INFO  org.springframework.data.repository.config.RepositoryConfigurationDelegate %PARSER_ERROR[x] -Finished Spring Data repository scanning in 116ms. Found 4 JPA repository interfaces.
2020-06-29 11:31:45 [main] INFO  org.springframework.data.repository.config.RepositoryConfigurationDelegate %PARSER_ERROR[x] -Multiple Spring Data modules found, entering strict repository configuration mode!
2020-06-29 11:31:45 [main] INFO  org.springframework.data.repository.config.RepositoryConfigurationDelegate %PARSER_ERROR[x] -Bootstrapping Spring Data Redis repositories in DEFAULT mode.
2020-06-29 11:31:45 [main] INFO  org.springframework.data.repository.config.RepositoryConfigurationExtensionSupport %PARSER_ERROR[x] -Spring Data Redis - Could not safely identify store assignment for repository candidate interface com.bridgelabz.fundookeep.repository.CollaboratorRepository. If you want this repository to be a Redis repository, consider annotating your entities with one of these annotations: org.springframework.data.redis.core.RedisHash (preferred), or consider extending one of the following types with your repository: org.springframework.data.keyvalue.repository.KeyValueRepository.
2020-06-29 11:31:45 [main] INFO  org.springframework.data.repository.config.RepositoryConfigurationExtensionSupport %PARSER_ERROR[x] -Spring Data Redis - Could not safely identify store assignment for repository candidate interface com.bridgelabz.fundookeep.repository.LabelRepository. If you want this repository to be a Redis repository, consider annotating your entities with one of these annotations: org.springframework.data.redis.core.RedisHash (preferred), or consider extending one of the following types with your repository: org.springframework.data.keyvalue.repository.KeyValueRepository.
2020-06-29 11:31:45 [main] INFO  org.springframework.data.repository.config.RepositoryConfigurationExtensionSupport %PARSER_ERROR[x] -Spring Data Redis - Could not safely identify store assignment for repository candidate interface com.bridgelabz.fundookeep.repository.NoteRepository. If you want this repository to be a Redis repository, consider annotating your entities with one of these annotations: org.springframework.data.redis.core.RedisHash (preferred), or consider extending one of the following types with your repository: org.springframework.data.keyvalue.repository.KeyValueRepository.
2020-06-29 11:31:45 [main] INFO  org.springframework.data.repository.config.RepositoryConfigurationExtensionSupport %PARSER_ERROR[x] -Spring Data Redis - Could not safely identify store assignment for repository candidate interface com.bridgelabz.fundookeep.repository.UserRepository. If you want this repository to be a Redis repository, consider annotating your entities with one of these annotations: org.springframework.data.redis.core.RedisHash (preferred), or consider extending one of the following types with your repository: org.springframework.data.keyvalue.repository.KeyValueRepository.
2020-06-29 11:31:45 [main] INFO  org.springframework.data.repository.config.RepositoryConfigurationDelegate %PARSER_ERROR[x] -Finished Spring Data repository scanning in 20ms. Found 0 Redis repository interfaces.
2020-06-29 11:31:47 [main] INFO  org.springframework.boot.web.embedded.tomcat.TomcatWebServer %PARSER_ERROR[x] -Tomcat initialized with port(s): 8080 (http)
2020-06-29 11:31:47 [main] INFO  org.apache.juli.logging.DirectJDKLog %PARSER_ERROR[x] -Starting service [Tomcat]
2020-06-29 11:31:47 [main] INFO  org.apache.juli.logging.DirectJDKLog %PARSER_ERROR[x] -Starting Servlet engine: [Apache Tomcat/9.0.31]
2020-06-29 11:31:47 [main] INFO  org.apache.juli.logging.DirectJDKLog %PARSER_ERROR[x] -Initializing Spring embedded WebApplicationContext
2020-06-29 11:31:47 [main] INFO  org.springframework.boot.web.servlet.context.ServletWebServerApplicationContext %PARSER_ERROR[x] -Root WebApplicationContext: initialization completed in 4000 ms
2020-06-29 11:31:48 [main] INFO  org.hibernate.jpa.internal.util.LogHelper %PARSER_ERROR[x] -HHH000204: Processing PersistenceUnitInfo [name: default]
2020-06-29 11:31:48 [main] INFO  org.hibernate.Version %PARSER_ERROR[x] -HHH000412: Hibernate ORM core version 5.4.12.Final
2020-06-29 11:31:48 [main] INFO  org.hibernate.annotations.common.reflection.java.JavaReflectionManager %PARSER_ERROR[x] -HCANN000001: Hibernate Commons Annotations {5.1.0.Final}
2020-06-29 11:31:49 [main] INFO  com.zaxxer.hikari.HikariDataSource %PARSER_ERROR[x] -HikariPool-1 - Starting...
2020-06-29 11:31:49 [main] INFO  com.zaxxer.hikari.HikariDataSource %PARSER_ERROR[x] -HikariPool-1 - Start completed.
2020-06-29 11:31:49 [main] INFO  org.hibernate.dialect.Dialect %PARSER_ERROR[x] -HHH000400: Using dialect: org.hibernate.dialect.MySQL5Dialect
2020-06-29 11:31:53 [main] INFO  org.hibernate.engine.transaction.jta.platform.internal.JtaPlatformInitiator %PARSER_ERROR[x] -HHH000490: Using JtaPlatform implementation: [org.hibernate.engine.transaction.jta.platform.internal.NoJtaPlatform]
2020-06-29 11:31:53 [main] INFO  org.springframework.orm.jpa.AbstractEntityManagerFactoryBean %PARSER_ERROR[x] -Initialized JPA EntityManagerFactory for persistence unit 'default'
2020-06-29 11:31:54 [main] WARN  org.springframework.context.support.AbstractApplicationContext %PARSER_ERROR[x] -Exception encountered during context initialization - cancelling refresh attempt: org.springframework.beans.factory.BeanCreationException: Error creating bean with name 'twilioConfig' defined in file [F:\Programs\book\fundoo-keep\target\classes\com\bridgelabz\fundookeep\config\TwilioConfig.class]: Instantiation of bean failed; nested exception is org.springframework.beans.BeanInstantiationException: Failed to instantiate [com.bridgelabz.fundookeep.config.TwilioConfig$$EnhancerBySpringCGLIB$$359a28d5]: Constructor threw exception; nested exception is com.twilio.exception.AuthenticationException: Username can not be null
2020-06-29 11:31:54 [main] INFO  org.springframework.orm.jpa.AbstractEntityManagerFactoryBean %PARSER_ERROR[x] -Closing JPA EntityManagerFactory for persistence unit 'default'
2020-06-29 11:31:54 [main] INFO  com.zaxxer.hikari.HikariDataSource %PARSER_ERROR[x] -HikariPool-1 - Shutdown initiated...
2020-06-29 11:31:54 [main] INFO  com.zaxxer.hikari.HikariDataSource %PARSER_ERROR[x] -HikariPool-1 - Shutdown completed.
2020-06-29 11:31:54 [main] INFO  org.apache.juli.logging.DirectJDKLog %PARSER_ERROR[x] -Stopping service [Tomcat]
2020-06-29 11:31:54 [main] INFO  org.springframework.boot.autoconfigure.logging.ConditionEvaluationReportLoggingListener %PARSER_ERROR[x] -

Error starting ApplicationContext. To display the conditions report re-run your application with 'debug' enabled.
2020-06-29 11:31:54 [main] ERROR org.springframework.boot.SpringApplication %PARSER_ERROR[x] -Application run failed
org.springframework.beans.factory.BeanCreationException: Error creating bean with name 'twilioConfig' defined in file [F:\Programs\book\fundoo-keep\target\classes\com\bridgelabz\fundookeep\config\TwilioConfig.class]: Instantiation of bean failed; nested exception is org.springframework.beans.BeanInstantiationException: Failed to instantiate [com.bridgelabz.fundookeep.config.TwilioConfig$$EnhancerBySpringCGLIB$$359a28d5]: Constructor threw exception; nested exception is com.twilio.exception.AuthenticationException: Username can not be null
	at org.springframework.beans.factory.support.AbstractAutowireCapableBeanFactory.instantiateBean(AbstractAutowireCapableBeanFactory.java:1320)
	at org.springframework.beans.factory.support.AbstractAutowireCapableBeanFactory.createBeanInstance(AbstractAutowireCapableBeanFactory.java:1214)
	at org.springframework.beans.factory.support.AbstractAutowireCapableBeanFactory.doCreateBean(AbstractAutowireCapableBeanFactory.java:557)
	at org.springframework.beans.factory.support.AbstractAutowireCapableBeanFactory.createBean(AbstractAutowireCapableBeanFactory.java:517)
	at org.springframework.beans.factory.support.AbstractBeanFactory.lambda$doGetBean$0(AbstractBeanFactory.java:323)
	at org.springframework.beans.factory.support.DefaultSingletonBeanRegistry.getSingleton(DefaultSingletonBeanRegistry.java:222)
	at org.springframework.beans.factory.support.AbstractBeanFactory.doGetBean(AbstractBeanFactory.java:321)
	at org.springframework.beans.factory.support.AbstractBeanFactory.getBean(AbstractBeanFactory.java:202)
	at org.springframework.beans.factory.support.DefaultListableBeanFactory.preInstantiateSingletons(DefaultListableBeanFactory.java:879)
	at org.springframework.context.support.AbstractApplicationContext.finishBeanFactoryInitialization(AbstractApplicationContext.java:878)
	at org.springframework.context.support.AbstractApplicationContext.refresh(AbstractApplicationContext.java:550)
	at org.springframework.boot.web.servlet.context.ServletWebServerApplicationContext.refresh(ServletWebServerApplicationContext.java:141)
	at org.springframework.boot.SpringApplication.refresh(SpringApplication.java:747)
	at org.springframework.boot.SpringApplication.refreshContext(SpringApplication.java:397)
	at org.springframework.boot.SpringApplication.run(SpringApplication.java:315)
	at org.springframework.boot.SpringApplication.run(SpringApplication.java:1226)
	at org.springframework.boot.SpringApplication.run(SpringApplication.java:1215)
	at com.bridgelabz.fundookeep.FundooKeepApplication.main(FundooKeepApplication.java:18)
Caused by: org.springframework.beans.BeanInstantiationException: Failed to instantiate [com.bridgelabz.fundookeep.config.TwilioConfig$$EnhancerBySpringCGLIB$$359a28d5]: Constructor threw exception; nested exception is com.twilio.exception.AuthenticationException: Username can not be null
	at org.springframework.beans.BeanUtils.instantiateClass(BeanUtils.java:216)
	at org.springframework.beans.factory.support.SimpleInstantiationStrategy.instantiate(SimpleInstantiationStrategy.java:87)
	at org.springframework.beans.factory.support.AbstractAutowireCapableBeanFactory.instantiateBean(AbstractAutowireCapableBeanFactory.java:1312)
	... 17 common frames omitted
Caused by: com.twilio.exception.AuthenticationException: Username can not be null
	at com.twilio.Twilio.setUsername(Twilio.java:80)
	at com.twilio.Twilio.init(Twilio.java:55)
	at com.bridgelabz.fundookeep.config.TwilioConfig.<init>(TwilioConfig.java:19)
	at com.bridgelabz.fundookeep.config.TwilioConfig$$EnhancerBySpringCGLIB$$359a28d5.<init>(<generated>)
	at sun.reflect.NativeConstructorAccessorImpl.newInstance0(Native Method)
	at sun.reflect.NativeConstructorAccessorImpl.newInstance(NativeConstructorAccessorImpl.java:62)
	at sun.reflect.DelegatingConstructorAccessorImpl.newInstance(DelegatingConstructorAccessorImpl.java:45)
	at java.lang.reflect.Constructor.newInstance(Constructor.java:423)
	at org.springframework.beans.BeanUtils.instantiateClass(BeanUtils.java:203)
	... 19 common frames omitted
