2020-04-08 14:00:42 [main] INFO  org.springframework.boot.StartupInfoLogger %PARSER_ERROR[x] -Starting FundooKeepApplication on DESKTOP-VJE8VFV with PID 4956 (C:\Users\lakshmikanth\git\fundoo-keep\target\classes started by lakshmikanth in C:\Users\lakshmikanth\git\fundoo-keep)
2020-04-08 14:00:42 [main] INFO  org.springframework.boot.SpringApplication %PARSER_ERROR[x] -The following profiles are active: dev
2020-04-08 14:00:43 [main] ERROR org.springframework.boot.SpringApplication %PARSER_ERROR[x] -Application run failed
org.springframework.beans.factory.BeanDefinitionStoreException: Failed to process import candidates for configuration class [com.bridgelabz.fundookeep.FundooKeepApplication]; nested exception is java.lang.IllegalStateException: Error processing condition on org.springframework.boot.autoconfigure.jdbc.DataSourceAutoConfiguration$EmbeddedDatabaseConfiguration
	at org.springframework.context.annotation.ConfigurationClassParser.processImports(ConfigurationClassParser.java:609)
	at org.springframework.context.annotation.ConfigurationClassParser.access$800(ConfigurationClassParser.java:110)
	at org.springframework.context.annotation.ConfigurationClassParser$DeferredImportSelectorGroupingHandler.lambda$processGroupImports$1(ConfigurationClassParser.java:811)
	at java.util.ArrayList.forEach(ArrayList.java:1257)
	at org.springframework.context.annotation.ConfigurationClassParser$DeferredImportSelectorGroupingHandler.processGroupImports(ConfigurationClassParser.java:808)
	at org.springframework.context.annotation.ConfigurationClassParser$DeferredImportSelectorHandler.process(ConfigurationClassParser.java:779)
	at org.springframework.context.annotation.ConfigurationClassParser.parse(ConfigurationClassParser.java:192)
	at org.springframework.context.annotation.ConfigurationClassPostProcessor.processConfigBeanDefinitions(ConfigurationClassPostProcessor.java:319)
	at org.springframework.context.annotation.ConfigurationClassPostProcessor.postProcessBeanDefinitionRegistry(ConfigurationClassPostProcessor.java:236)
	at org.springframework.context.support.PostProcessorRegistrationDelegate.invokeBeanDefinitionRegistryPostProcessors(PostProcessorRegistrationDelegate.java:275)
	at org.springframework.context.support.PostProcessorRegistrationDelegate.invokeBeanFactoryPostProcessors(PostProcessorRegistrationDelegate.java:95)
	at org.springframework.context.support.AbstractApplicationContext.invokeBeanFactoryPostProcessors(AbstractApplicationContext.java:706)
	at org.springframework.context.support.AbstractApplicationContext.refresh(AbstractApplicationContext.java:532)
	at org.springframework.boot.web.servlet.context.ServletWebServerApplicationContext.refresh(ServletWebServerApplicationContext.java:141)
	at org.springframework.boot.SpringApplication.refresh(SpringApplication.java:747)
	at org.springframework.boot.SpringApplication.refreshContext(SpringApplication.java:397)
	at org.springframework.boot.SpringApplication.run(SpringApplication.java:315)
	at org.springframework.boot.SpringApplication.run(SpringApplication.java:1226)
	at org.springframework.boot.SpringApplication.run(SpringApplication.java:1215)
	at com.bridgelabz.fundookeep.FundooKeepApplication.main(FundooKeepApplication.java:17)
Caused by: java.lang.IllegalStateException: Error processing condition on org.springframework.boot.autoconfigure.jdbc.DataSourceAutoConfiguration$EmbeddedDatabaseConfiguration
	at org.springframework.boot.autoconfigure.condition.SpringBootCondition.matches(SpringBootCondition.java:60)
	at org.springframework.context.annotation.ConditionEvaluator.shouldSkip(ConditionEvaluator.java:108)
	at org.springframework.context.annotation.ConfigurationClassParser.processConfigurationClass(ConfigurationClassParser.java:225)
	at org.springframework.context.annotation.ConfigurationClassParser.processMemberClasses(ConfigurationClassParser.java:371)
	at org.springframework.context.annotation.ConfigurationClassParser.doProcessConfigurationClass(ConfigurationClassParser.java:271)
	at org.springframework.context.annotation.ConfigurationClassParser.processConfigurationClass(ConfigurationClassParser.java:249)
	at org.springframework.context.annotation.ConfigurationClassParser.processImports(ConfigurationClassParser.java:599)
	... 19 common frames omitted
Caused by: java.lang.IllegalArgumentException: Could not resolve placeholder 'dbName' in value "jdbc:mysql://localhost:3306/${dbName}?createDatabaseIfNotExist=true"
	at org.springframework.util.PropertyPlaceholderHelper.parseStringValue(PropertyPlaceholderHelper.java:178)
	at org.springframework.util.PropertyPlaceholderHelper.replacePlaceholders(PropertyPlaceholderHelper.java:124)
	at org.springframework.core.env.AbstractPropertyResolver.doResolvePlaceholders(AbstractPropertyResolver.java:236)
	at org.springframework.core.env.AbstractPropertyResolver.resolveRequiredPlaceholders(AbstractPropertyResolver.java:210)
	at org.springframework.core.env.AbstractPropertyResolver.resolveNestedPlaceholders(AbstractPropertyResolver.java:227)
	at org.springframework.core.env.PropertySourcesPropertyResolver.getProperty(PropertySourcesPropertyResolver.java:88)
	at org.springframework.core.env.PropertySourcesPropertyResolver.getProperty(PropertySourcesPropertyResolver.java:62)
	at org.springframework.core.env.AbstractEnvironment.getProperty(AbstractEnvironment.java:535)
	at org.springframework.boot.autoconfigure.jdbc.DataSourceAutoConfiguration$EmbeddedDatabaseCondition.getMatchOutcome(DataSourceAutoConfiguration.java:126)
	at org.springframework.boot.autoconfigure.condition.SpringBootCondition.matches(SpringBootCondition.java:47)
	... 25 common frames omitted
2020-04-08 14:03:23 [main] INFO  org.springframework.boot.StartupInfoLogger %PARSER_ERROR[x] -Starting FundooKeepApplication on DESKTOP-VJE8VFV with PID 31760 (C:\Users\lakshmikanth\git\fundoo-keep\target\classes started by root in C:\Users\lakshmikanth\git\fundoo-keep)
2020-04-08 14:03:23 [main] INFO  org.springframework.boot.SpringApplication %PARSER_ERROR[x] -The following profiles are active: dev
2020-04-08 14:03:25 [main] INFO  org.apache.juli.logging.DirectJDKLog %PARSER_ERROR[x] -Starting service [Tomcat]
2020-04-08 14:03:25 [main] INFO  org.apache.juli.logging.DirectJDKLog %PARSER_ERROR[x] -Starting Servlet engine: [Apache Tomcat/9.0.31]
2020-04-08 14:03:25 [main] INFO  org.apache.juli.logging.DirectJDKLog %PARSER_ERROR[x] -Initializing Spring embedded WebApplicationContext
2020-04-08 14:03:25 [main] INFO  org.hibernate.jpa.internal.util.LogHelper %PARSER_ERROR[x] -HHH000204: Processing PersistenceUnitInfo [name: default]
2020-04-08 14:03:25 [main] INFO  org.hibernate.Version %PARSER_ERROR[x] -HHH000412: Hibernate ORM core version 5.4.12.Final
2020-04-08 14:03:25 [main] INFO  org.hibernate.annotations.common.reflection.java.JavaReflectionManager %PARSER_ERROR[x] -HCANN000001: Hibernate Commons Annotations {5.1.0.Final}
2020-04-08 14:03:26 [main] INFO  com.zaxxer.hikari.HikariDataSource %PARSER_ERROR[x] -HikariPool-1 - Starting...
2020-04-08 14:03:26 [main] INFO  com.zaxxer.hikari.HikariDataSource %PARSER_ERROR[x] -HikariPool-1 - Start completed.
2020-04-08 14:03:26 [main] INFO  org.hibernate.dialect.Dialect %PARSER_ERROR[x] -HHH000400: Using dialect: org.hibernate.dialect.MySQL5Dialect
2020-04-08 14:03:28 [main] INFO  org.hibernate.engine.transaction.jta.platform.internal.JtaPlatformInitiator %PARSER_ERROR[x] -HHH000490: Using JtaPlatform implementation: [org.hibernate.engine.transaction.jta.platform.internal.NoJtaPlatform]
2020-04-08 14:03:30 [main] INFO  springfox.documentation.spring.web.PropertySourcedRequestMappingHandlerMapping %PARSER_ERROR[x] -Mapped URL path [/v2/api-docs] onto method [springfox.documentation.swagger2.web.Swagger2Controller#getDocumentation(String, HttpServletRequest)]
2020-04-08 14:03:31 [main] INFO  springfox.documentation.spring.web.plugins.DocumentationPluginsBootstrapper %PARSER_ERROR[x] -Context refreshed
2020-04-08 14:03:31 [main] INFO  springfox.documentation.spring.web.plugins.DocumentationPluginsBootstrapper %PARSER_ERROR[x] -Found 1 custom documentation plugin(s)
2020-04-08 14:03:31 [main] INFO  springfox.documentation.spring.web.scanners.ApiListingReferenceScanner %PARSER_ERROR[x] -Scanning for api listing references
2020-04-08 14:03:33 [main] INFO  org.springframework.boot.StartupInfoLogger %PARSER_ERROR[x] -Started FundooKeepApplication in 10.518 seconds (JVM running for 11.652)
2020-04-08 14:03:33 [http-nio-8080-exec-1] INFO  org.apache.juli.logging.DirectJDKLog %PARSER_ERROR[x] -Initializing Spring DispatcherServlet 'dispatcherServlet'
2020-04-08 14:05:02 [RMI TCP Connection(14)-127.0.0.1] INFO  com.zaxxer.hikari.HikariDataSource %PARSER_ERROR[x] -HikariPool-1 - Shutdown initiated...
2020-04-08 14:05:02 [RMI TCP Connection(14)-127.0.0.1] INFO  com.zaxxer.hikari.HikariDataSource %PARSER_ERROR[x] -HikariPool-1 - Shutdown completed.
2020-04-08 14:13:00 [main] INFO  org.springframework.boot.StartupInfoLogger %PARSER_ERROR[x] -Starting FundooKeepApplication on DESKTOP-VJE8VFV with PID 36504 (C:\Users\lakshmikanth\git\fundoo-keep\target\classes started by root in C:\Users\lakshmikanth\git\fundoo-keep)
2020-04-08 14:13:00 [main] INFO  org.springframework.boot.SpringApplication %PARSER_ERROR[x] -The following profiles are active: dev
2020-04-08 14:13:02 [main] INFO  org.apache.juli.logging.DirectJDKLog %PARSER_ERROR[x] -Starting service [Tomcat]
2020-04-08 14:13:02 [main] INFO  org.apache.juli.logging.DirectJDKLog %PARSER_ERROR[x] -Starting Servlet engine: [Apache Tomcat/9.0.31]
2020-04-08 14:13:03 [main] INFO  org.apache.juli.logging.DirectJDKLog %PARSER_ERROR[x] -Initializing Spring embedded WebApplicationContext
2020-04-08 14:13:03 [main] INFO  org.hibernate.jpa.internal.util.LogHelper %PARSER_ERROR[x] -HHH000204: Processing PersistenceUnitInfo [name: default]
2020-04-08 14:13:03 [main] INFO  org.hibernate.Version %PARSER_ERROR[x] -HHH000412: Hibernate ORM core version 5.4.12.Final
2020-04-08 14:13:03 [main] INFO  org.hibernate.annotations.common.reflection.java.JavaReflectionManager %PARSER_ERROR[x] -HCANN000001: Hibernate Commons Annotations {5.1.0.Final}
2020-04-08 14:13:04 [main] INFO  com.zaxxer.hikari.HikariDataSource %PARSER_ERROR[x] -HikariPool-1 - Starting...
2020-04-08 14:13:04 [main] INFO  com.zaxxer.hikari.HikariDataSource %PARSER_ERROR[x] -HikariPool-1 - Start completed.
2020-04-08 14:13:04 [main] INFO  org.hibernate.dialect.Dialect %PARSER_ERROR[x] -HHH000400: Using dialect: org.hibernate.dialect.MySQL5Dialect
2020-04-08 14:13:05 [main] INFO  org.hibernate.engine.transaction.jta.platform.internal.JtaPlatformInitiator %PARSER_ERROR[x] -HHH000490: Using JtaPlatform implementation: [org.hibernate.engine.transaction.jta.platform.internal.NoJtaPlatform]
2020-04-08 14:13:08 [main] INFO  springfox.documentation.spring.web.PropertySourcedRequestMappingHandlerMapping %PARSER_ERROR[x] -Mapped URL path [/v2/api-docs] onto method [springfox.documentation.swagger2.web.Swagger2Controller#getDocumentation(String, HttpServletRequest)]
2020-04-08 14:13:08 [main] INFO  springfox.documentation.spring.web.plugins.DocumentationPluginsBootstrapper %PARSER_ERROR[x] -Context refreshed
2020-04-08 14:13:08 [main] INFO  springfox.documentation.spring.web.plugins.DocumentationPluginsBootstrapper %PARSER_ERROR[x] -Found 1 custom documentation plugin(s)
2020-04-08 14:13:09 [main] INFO  springfox.documentation.spring.web.scanners.ApiListingReferenceScanner %PARSER_ERROR[x] -Scanning for api listing references
2020-04-08 14:13:09 [main] INFO  org.springframework.boot.StartupInfoLogger %PARSER_ERROR[x] -Started FundooKeepApplication in 10.21 seconds (JVM running for 12.498)
2020-04-08 14:13:09 [http-nio-8080-exec-1] INFO  org.apache.juli.logging.DirectJDKLog %PARSER_ERROR[x] -Initializing Spring DispatcherServlet 'dispatcherServlet'
